#
# There is insufficient memory for the Java Runtime Environment to continue.
# Native memory allocation (mmap) failed to map 65536 bytes for Failed to commit metaspace.
# Possible reasons:
#   The system is out of physical RAM or swap space
#   The process is running with CompressedOops enabled, and the Java Heap may be blocking the growth of the native heap
# Possible solutions:
#   Reduce memory load on the system
#   Increase physical memory or swap space
#   Check if swap backing store is full
#   Decrease Java heap size (-Xmx/-Xms)
#   Decrease number of Java threads
#   Decrease Java thread stack sizes (-Xss)
#   Set larger code cache with -XX:ReservedCodeCacheSize=
#   JVM is running with Unscaled Compressed Oops mode in which the Java heap is
#     placed in the first 4GB address space. The Java Heap base address is the
#     maximum limit for the native heap growth. Please use -XX:HeapBaseMinAddress
#     to set the Java Heap base and to place the Java Heap above 4GB virtual address.
# This output file may be truncated or incomplete.
#
#  Out of Memory Error (virtualSpaceNode.cpp:110), pid=12172, tid=14676
#
# JRE version: OpenJDK Runtime Environment (17.0.6) (build 17.0.6+0-b2043.56-10027231)
# Java VM: OpenJDK 64-Bit Server VM (17.0.6+0-b2043.56-10027231, mixed mode, tiered, compressed oops, compressed class ptrs, g1 gc, windows-amd64)
# No core dump will be written. Minidumps are not enabled by default on client versions of Windows
#

---------------  S U M M A R Y ------------

Command Line: --add-opens=java.base/java.util=ALL-UNNAMED --add-opens=java.base/java.lang=ALL-UNNAMED --add-opens=java.base/java.lang.invoke=ALL-UNNAMED --add-opens=java.prefs/java.util.prefs=ALL-UNNAMED --add-opens=java.base/java.nio.charset=ALL-UNNAMED --add-opens=java.base/java.net=ALL-UNNAMED --add-opens=java.base/java.util.concurrent.atomic=ALL-UNNAMED -Xmx2048m -Dfile.encoding=UTF-8 -Duser.country=KR -Duser.language=ko -Duser.variant org.gradle.launcher.daemon.bootstrap.GradleDaemon 8.0

Host: Intel(R) Core(TM) i5-8400 CPU @ 2.80GHz, 6 cores, 15G,  Windows 10 , 64 bit Build 19041 (10.0.19041.3570)
Time: Thu Nov 23 21:46:11 2023  Windows 10 , 64 bit Build 19041 (10.0.19041.3570) elapsed time: 14.587027 seconds (0d 0h 0m 14s)

---------------  T H R E A D  ---------------

Current thread (0x00000271f82af8f0):  JavaThread "Daemon worker" [_thread_in_vm, id=14676, stack(0x0000007459f00000,0x000000745a000000)]

Stack: [0x0000007459f00000,0x000000745a000000]
Native frames: (J=compiled Java code, j=interpreted, Vv=VM code, C=native code)
V  [jvm.dll+0x683c9a]
V  [jvm.dll+0x8427a4]
V  [jvm.dll+0x843f9e]
V  [jvm.dll+0x844603]
V  [jvm.dll+0x249b75]
V  [jvm.dll+0x83e7fb]
V  [jvm.dll+0x628006]
V  [jvm.dll+0x1c194e]
V  [jvm.dll+0x62a941]
V  [jvm.dll+0x6289a6]
V  [jvm.dll+0x23ef80]
V  [jvm.dll+0x1ee40d]
V  [jvm.dll+0x1e3dcc]
V  [jvm.dll+0x547fed]
V  [jvm.dll+0x7bd3d5]
V  [jvm.dll+0x7bd4ee]
V  [jvm.dll+0x41182a]
V  [jvm.dll+0x4179a9]
C  [java.dll+0x17ec]

Java frames: (J=compiled Java code, j=interpreted, Vv=VM code)
J 809  java.lang.ClassLoader.defineClass1(Ljava/lang/ClassLoader;Ljava/lang/String;[BIILjava/security/ProtectionDomain;Ljava/lang/String;)Ljava/lang/Class; java.base@17.0.6 (0 bytes) @ 0x00000271e83126db [0x00000271e8312620+0x00000000000000bb]
J 3988 c2 java.lang.ClassLoader.defineClass(Ljava/lang/String;[BIILjava/security/ProtectionDomain;)Ljava/lang/Class; java.base@17.0.6 (43 bytes) @ 0x00000271e8514938 [0x00000271e8514360+0x00000000000005d8]
J 963 c1 java.security.SecureClassLoader.defineClass(Ljava/lang/String;[BIILjava/security/CodeSource;)Ljava/lang/Class; java.base@17.0.6 (16 bytes) @ 0x00000271e09c1f8c [0x00000271e09c1ec0+0x00000000000000cc]
J 3612 c1 java.net.URLClassLoader.defineClass(Ljava/lang/String;Ljdk/internal/loader/Resource;)Ljava/lang/Class; java.base@17.0.6 (224 bytes) @ 0x00000271e0f1cac4 [0x00000271e0f1b4a0+0x0000000000001624]
J 3517 c1 java.net.URLClassLoader$1.run()Ljava/lang/Class; java.base@17.0.6 (81 bytes) @ 0x00000271e0edf784 [0x00000271e0edeb40+0x0000000000000c44]
J 3516 c1 java.net.URLClassLoader$1.run()Ljava/lang/Object; java.base@17.0.6 (5 bytes) @ 0x00000271e0ede614 [0x00000271e0ede5a0+0x0000000000000074]
J 2386 c2 java.security.AccessController.doPrivileged(Ljava/security/PrivilegedExceptionAction;Ljava/security/AccessControlContext;)Ljava/lang/Object; java.base@17.0.6 (26 bytes) @ 0x00000271e83fda98 [0x00000271e83fda40+0x0000000000000058]
J 2855 c1 java.net.URLClassLoader.findClass(Ljava/lang/String;)Ljava/lang/Class; java.base@17.0.6 (47 bytes) @ 0x00000271e0dba934 [0x00000271e0dba7a0+0x0000000000000194]
J 2171 c1 org.gradle.internal.classloader.TransformingClassLoader.findClass(Ljava/lang/String;)Ljava/lang/Class; (203 bytes) @ 0x00000271e0c3e58c [0x00000271e0c3d560+0x000000000000102c]
J 4348 c2 java.lang.ClassLoader.loadClass(Ljava/lang/String;Z)Ljava/lang/Class; java.base@17.0.6 (121 bytes) @ 0x00000271e8583050 [0x00000271e857f320+0x0000000000003d30]
J 3561 c2 java.lang.ClassLoader.loadClass(Ljava/lang/String;)Ljava/lang/Class; java.base@17.0.6 (7 bytes) @ 0x00000271e84c2340 [0x00000271e84c2300+0x0000000000000040]
v  ~StubRoutines::call_stub
j  org.gradle.api.internal.artifacts.DefaultResolvableArtifact.<init>(Lorg/gradle/api/artifacts/ModuleVersionIdentifier;Lorg/gradle/internal/component/model/IvyArtifactName;Lorg/gradle/api/artifacts/component/ComponentArtifactIdentifier;Lorg/gradle/api/internal/tasks/TaskDependencyContainer;Lorg/gradle/internal/model/CalculatedValue;Lorg/gradle/internal/model/CalculatedValueContainerFactory;)V+65
j  org.gradle.api.internal.artifacts.ivyservice.ivyresolve.RepositoryChainArtifactResolver.lambda$resolveArtifact$2(Lorg/gradle/internal/component/model/ComponentArtifactMetadata;Lorg/gradle/internal/component/model/ModuleSources;Lorg/gradle/api/internal/artifacts/ivyservice/ivyresolve/ModuleComponentRepository;Lorg/gradle/api/artifacts/ModuleVersionIdentifier;Lorg/gradle/api/artifacts/component/ComponentArtifactIdentifier;)Lorg/gradle/api/internal/artifacts/ivyservice/resolveengine/artifact/ResolvableArtifact;+57
j  org.gradle.api.internal.artifacts.ivyservice.ivyresolve.RepositoryChainArtifactResolver$$Lambda$724+0x0000000100721100.apply(Ljava/lang/Object;)Ljava/lang/Object;+24
J 4309 c1 java.util.concurrent.ConcurrentHashMap.computeIfAbsent(Ljava/lang/Object;Ljava/util/function/Function;)Ljava/lang/Object; java.base@17.0.6 (576 bytes) @ 0x00000271e107edf4 [0x00000271e107e820+0x00000000000005d4]
j  org.gradle.api.internal.artifacts.ivyservice.ivyresolve.RepositoryChainArtifactResolver.resolveArtifact(Lorg/gradle/api/artifacts/ModuleVersionIdentifier;Lorg/gradle/internal/component/model/ComponentArtifactMetadata;Lorg/gradle/internal/component/model/ModuleSources;Lorg/gradle/internal/resolve/result/BuildableArtifactResolveResult;)V+31
j  org.gradle.api.internal.artifacts.ivyservice.resolveengine.ComponentResolversChain$ArtifactResolverChain.resolveArtifact(Lorg/gradle/api/artifacts/ModuleVersionIdentifier;Lorg/gradle/internal/component/model/ComponentArtifactMetadata;Lorg/gradle/internal/component/model/ModuleSources;Lorg/gradle/internal/resolve/result/BuildableArtifactResolveResult;)V+51
j  org.gradle.api.internal.artifacts.ivyservice.ivyresolve.ErrorHandlingArtifactResolver.resolveArtifact(Lorg/gradle/api/artifacts/ModuleVersionIdentifier;Lorg/gradle/internal/component/model/ComponentArtifactMetadata;Lorg/gradle/internal/component/model/ModuleSources;Lorg/gradle/internal/resolve/result/BuildableArtifactResolveResult;)V+9
j  org.gradle.api.internal.artifacts.ivyservice.resolveengine.artifact.ArtifactSetFactory.lambda$supplyLazilyResolvedArtifacts$1(Ljava/util/List;Lorg/gradle/internal/resolve/resolver/ArtifactResolver;Lorg/gradle/api/artifacts/ModuleVersionIdentifier;Lorg/gradle/internal/component/model/ModuleSources;)Ljava/util/Collection;+51
j  org.gradle.api.internal.artifacts.ivyservice.resolveengine.artifact.ArtifactSetFactory$$Lambda$688+0x0000000100709230.get()Ljava/lang/Object;+16
j  org.gradle.api.internal.artifacts.ivyservice.resolveengine.artifact.ArtifactBackedResolvedVariant.lambda$supplyResolvedArtifactSet$0(Ljava/util/function/Supplier;Lorg/gradle/internal/DisplayName;Lorg/gradle/api/internal/attributes/AttributeContainerInternal;Lorg/gradle/api/capabilities/CapabilitiesMetadata;)Lorg/gradle/api/internal/artifacts/ivyservice/resolveengine/artifact/ResolvedArtifactSet;+1
j  org.gradle.api.internal.artifacts.ivyservice.resolveengine.artifact.ArtifactBackedResolvedVariant$$Lambda$689+0x0000000100709730.get()Ljava/lang/Object;+16
j  org.gradle.api.internal.artifacts.ivyservice.resolveengine.artifact.ArtifactBackedResolvedVariant.getArtifacts()Lorg/gradle/api/internal/artifacts/ivyservice/resolveengine/artifact/ResolvedArtifactSet;+4
j  org.gradle.api.internal.artifacts.transform.AttributeMatchingVariantSelector.doSelect(Lorg/gradle/api/internal/artifacts/ivyservice/resolveengine/artifact/ResolvedVariantSet;Lorg/gradle/api/internal/artifacts/transform/VariantSelector$Factory;Lorg/gradle/internal/component/model/AttributeMatchingExplanationBuilder;)Lorg/gradle/api/internal/artifacts/ivyservice/resolveengine/artifact/ResolvedArtifactSet;+106
j  org.gradle.api.internal.artifacts.transform.AttributeMatchingVariantSelector.select(Lorg/gradle/api/internal/artifacts/ivyservice/resolveengine/artifact/ResolvedVariantSet;Lorg/gradle/api/internal/artifacts/transform/VariantSelector$Factory;)Lorg/gradle/api/internal/artifacts/ivyservice/resolveengine/artifact/ResolvedArtifactSet;+6
j  org.gradle.api.internal.artifacts.ivyservice.resolveengine.artifact.DefaultArtifactSet.select(Lorg/gradle/api/specs/Spec;Lorg/gradle/api/internal/artifacts/transform/VariantSelector;)Lorg/gradle/api/internal/artifacts/ivyservice/resolveengine/artifact/ResolvedArtifactSet;+20
j  org.gradle.api.internal.artifacts.ivyservice.resolveengine.artifact.DefaultVisitedArtifactResults.select(Lorg/gradle/api/specs/Spec;Lorg/gradle/api/internal/artifacts/transform/VariantSelector;Ljava/util/function/Function;)Lorg/gradle/api/internal/artifacts/ivyservice/resolveengine/artifact/SelectedArtifactResults;+71
j  org.gradle.api.internal.artifacts.ivyservice.resolveengine.artifact.DefaultVisitedArtifactResults.selectLenient(Lorg/gradle/api/specs/Spec;Lorg/gradle/api/internal/artifacts/transform/VariantSelector;)Lorg/gradle/api/internal/artifacts/ivyservice/resolveengine/artifact/SelectedArtifactResults;+6
j  org.gradle.api.internal.artifacts.ivyservice.DefaultLenientConfiguration.select(Lorg/gradle/api/specs/Spec;Lorg/gradle/api/internal/attributes/AttributeContainerInternal;Lorg/gradle/api/specs/Spec;ZZ)Lorg/gradle/api/internal/artifacts/ivyservice/resolveengine/artifact/SelectedArtifactSet;+32
j  org.gradle.api.internal.artifacts.configurations.DefaultConfiguration$ConfigurationFileCollection.getSelectedArtifacts()Lorg/gradle/api/internal/artifacts/ivyservice/resolveengine/artifact/SelectedArtifactSet;+40
j  org.gradle.api.internal.artifacts.configurations.DefaultConfiguration$ConfigurationFileCollection.visitContents(Lorg/gradle/api/internal/file/FileCollectionStructureVisitor;)V+10
j  org.gradle.api.internal.file.AbstractFileCollection.getFiles()Ljava/util/Set;+18
j  org.gradle.api.internal.file.AbstractFileCollection.iterator()Ljava/util/Iterator;+1
j  org.gradle.internal.classpath.DefaultClassPath.of(Ljava/lang/Iterable;)Lorg/gradle/internal/classpath/ClassPath;+32
j  org.gradle.api.internal.initialization.DefaultScriptClassPathResolver.resolveClassPath(Lorg/gradle/api/artifacts/Configuration;)Lorg/gradle/internal/classpath/ClassPath;+74
j  org.gradle.api.internal.initialization.DefaultScriptHandler.getInstrumentedScriptClassPath()Lorg/gradle/internal/classpath/ClassPath;+16
j  org.gradle.plugin.use.internal.DefaultPluginRequestApplicator.defineScriptHandlerClassScope(Lorg/gradle/api/internal/initialization/ScriptHandlerInternal;Lorg/gradle/api/internal/initialization/ClassLoaderScope;Ljava/lang/Iterable;)V+3
j  org.gradle.plugin.use.internal.DefaultPluginRequestApplicator.applyPlugins(Lorg/gradle/plugin/management/internal/PluginRequests;Lorg/gradle/api/internal/initialization/ScriptHandlerInternal;Lorg/gradle/api/internal/plugins/PluginManagerInternal;Lorg/gradle/api/internal/initialization/ClassLoaderScope;)V+176
j  org.gradle.kotlin.dsl.provider.PluginRequestsHandler.handle(Lorg/gradle/plugin/management/internal/PluginRequests;Lorg/gradle/api/internal/initialization/ScriptHandlerInternal;Lorg/gradle/api/internal/plugins/PluginAwareInternal;Lorg/gradle/api/internal/initialization/ClassLoaderScope;)V+69
j  org.gradle.kotlin.dsl.provider.StandardKotlinScriptEvaluator$InterpreterHost.applyPluginsTo(Lorg/gradle/kotlin/dsl/support/KotlinScriptHost;Lorg/gradle/plugin/management/internal/PluginRequests;)V+50
j  org.gradle.kotlin.dsl.execution.Interpreter$ProgramHost.applyPluginsTo(Lorg/gradle/kotlin/dsl/support/KotlinScriptHost;Lorg/gradle/plugin/management/internal/PluginRequests;)V+21
j  Program.execute(Lorg/gradle/kotlin/dsl/execution/ExecutableProgram$Host;Lorg/gradle/kotlin/dsl/support/KotlinScriptHost;)V+45
j  org.gradle.kotlin.dsl.execution.Interpreter$ProgramHost.eval(Lorg/gradle/kotlin/dsl/execution/CompiledScript;Lorg/gradle/kotlin/dsl/support/KotlinScriptHost;)V+90
j  org.gradle.kotlin.dsl.execution.Interpreter.eval(Ljava/lang/Object;Lorg/gradle/groovy/scripts/ScriptSource;Lorg/gradle/internal/hash/HashCode;Lorg/gradle/api/initialization/dsl/ScriptHandler;Lorg/gradle/api/internal/initialization/ClassLoaderScope;Lorg/gradle/api/internal/initialization/ClassLoaderScope;ZLjava/util/EnumSet;)V+205
j  org.gradle.kotlin.dsl.provider.StandardKotlinScriptEvaluator.evaluate(Ljava/lang/Object;Lorg/gradle/groovy/scripts/ScriptSource;Lorg/gradle/api/initialization/dsl/ScriptHandler;Lorg/gradle/api/internal/initialization/ClassLoaderScope;Lorg/gradle/api/internal/initialization/ClassLoaderScope;ZLjava/util/EnumSet;)V+163
j  org.gradle.kotlin.dsl.provider.KotlinScriptPluginFactory$create$1.invoke(Ljava/lang/Object;)V+41
j  org.gradle.kotlin.dsl.provider.KotlinScriptPluginFactory$create$1.invoke(Ljava/lang/Object;)Ljava/lang/Object;+2
j  org.gradle.kotlin.dsl.provider.KotlinScriptPlugin.apply(Ljava/lang/Object;)V+22
j  org.gradle.configuration.BuildOperationScriptPlugin$1.run(Lorg/gradle/internal/operations/BuildOperationContext;)V+11
j  org.gradle.internal.operations.DefaultBuildOperationRunner$1.execute(Lorg/gradle/internal/operations/RunnableBuildOperation;Lorg/gradle/internal/operations/BuildOperationContext;)V+2
j  org.gradle.internal.operations.DefaultBuildOperationRunner$1.execute(Lorg/gradle/internal/operations/BuildOperation;Lorg/gradle/internal/operations/BuildOperationContext;)V+6
j  org.gradle.internal.operations.DefaultBuildOperationRunner$2.execute(Lorg/gradle/internal/operations/BuildOperationDescriptor;Lorg/gradle/internal/operations/BuildOperationState;Lorg/gradle/internal/operations/BuildOperationState;Lorg/gradle/internal/operations/DefaultBuildOperationRunner$ReadableBuildOperationContext;Lorg/gradle/internal/operations/DefaultBuildOperationRunner$BuildOperationExecutionListener;)Lorg/gradle/internal/operations/BuildOperation;+22
j  org.gradle.internal.operations.DefaultBuildOperationRunner$2.execute(Lorg/gradle/internal/operations/BuildOperationDescriptor;Lorg/gradle/internal/operations/BuildOperationState;Lorg/gradle/internal/operations/BuildOperationState;Lorg/gradle/internal/operations/DefaultBuildOperationRunner$ReadableBuildOperationContext;Lorg/gradle/internal/operations/DefaultBuildOperationRunner$BuildOperationExecutionListener;)Ljava/lang/Object;+8
j  org.gradle.internal.operations.DefaultBuildOperationRunner.execute(Lorg/gradle/internal/operations/BuildOperationDescriptor$Builder;Lorg/gradle/internal/operations/BuildOperationState;Lorg/gradle/internal/operations/DefaultBuildOperationRunner$BuildOperationExecution;)Ljava/lang/Object;+141
j  org.gradle.internal.operations.DefaultBuildOperationRunner.execute(Lorg/gradle/internal/operations/BuildOperation;Lorg/gradle/internal/operations/BuildOperationWorker;Lorg/gradle/internal/operations/BuildOperationState;)V+18
j  org.gradle.internal.operations.DefaultBuildOperationRunner.run(Lorg/gradle/internal/operations/RunnableBuildOperation;)V+9
j  org.gradle.internal.operations.DefaultBuildOperationExecutor.run(Lorg/gradle/internal/operations/RunnableBuildOperation;)V+5
j  org.gradle.configuration.BuildOperationScriptPlugin.lambda$apply$0(Ljava/lang/Object;Lorg/gradle/configuration/internal/UserCodeApplicationId;)V+14
j  org.gradle.configuration.BuildOperationScriptPlugin$$Lambda$335+0x00000001004b04a0.execute(Ljava/lang/Object;)V+12
j  org.gradle.configuration.internal.DefaultUserCodeApplicationContext.apply(Lorg/gradle/internal/DisplayName;Lorg/gradle/api/Action;)V+37
j  org.gradle.configuration.BuildOperationScriptPlugin.apply(Ljava/lang/Object;)V+61
j  org.gradle.configuration.project.BuildScriptProcessor$$Lambda$616+0x000000010069f190.accept(Ljava/lang/Object;)V+8
j  org.gradle.api.internal.project.DefaultProjectStateRegistry$ProjectStateImpl.lambda$applyToMutableState$0(Ljava/util/function/Consumer;Lorg/gradle/api/internal/project/ProjectInternal;)Ljava/lang/Object;+2
j  org.gradle.api.internal.project.DefaultProjectStateRegistry$ProjectStateImpl$$Lambda$594+0x0000000100664478.apply(Ljava/lang/Object;)Ljava/lang/Object;+8
j  org.gradle.api.internal.project.DefaultProjectStateRegistry$ProjectStateImpl.fromMutableState(Ljava/util/function/Function;)Ljava/lang/Object;+97
j  org.gradle.api.internal.project.DefaultProjectStateRegistry$ProjectStateImpl.applyToMutableState(Ljava/util/function/Consumer;)V+7
j  org.gradle.configuration.project.BuildScriptProcessor.execute(Lorg/gradle/api/internal/project/ProjectInternal;)V+89
j  org.gradle.configuration.project.BuildScriptProcessor.execute(Ljava/lang/Object;)V+5
j  org.gradle.configuration.project.ConfigureActionsProjectEvaluator.evaluate(Lorg/gradle/api/internal/project/ProjectInternal;Lorg/gradle/api/internal/project/ProjectStateInternal;)V+33
j  org.gradle.configuration.project.LifecycleProjectEvaluator$EvaluateProject.lambda$run$0(Lorg/gradle/internal/operations/BuildOperationContext;Lorg/gradle/api/internal/project/ProjectInternal;)V+67
j  org.gradle.configuration.project.LifecycleProjectEvaluator$EvaluateProject$$Lambda$593+0x0000000100664220.accept(Ljava/lang/Object;)V+12
j  org.gradle.api.internal.project.DefaultProjectStateRegistry$ProjectStateImpl.lambda$applyToMutableState$0(Ljava/util/function/Consumer;Lorg/gradle/api/internal/project/ProjectInternal;)Ljava/lang/Object;+2
j  org.gradle.api.internal.project.DefaultProjectStateRegistry$ProjectStateImpl$$Lambda$594+0x0000000100664478.apply(Ljava/lang/Object;)Ljava/lang/Object;+8
j  org.gradle.api.internal.project.DefaultProjectStateRegistry$ProjectStateImpl.lambda$fromMutableState$1(Ljava/util/function/Function;)Ljava/lang/Object;+5
j  org.gradle.api.internal.project.DefaultProjectStateRegistry$ProjectStateImpl$$Lambda$595+0x00000001006646e0.create()Ljava/lang/Object;+8
j  org.gradle.internal.work.DefaultWorkerLeaseService.withReplacedLocks(Ljava/util/Collection;Lorg/gradle/internal/resources/ResourceLock;Lorg/gradle/internal/Factory;)Ljava/lang/Object;+40
j  org.gradle.api.internal.project.DefaultProjectStateRegistry$ProjectStateImpl.fromMutableState(Ljava/util/function/Function;)Ljava/lang/Object;+132
j  org.gradle.api.internal.project.DefaultProjectStateRegistry$ProjectStateImpl.applyToMutableState(Ljava/util/function/Consumer;)V+7
j  org.gradle.configuration.project.LifecycleProjectEvaluator$EvaluateProject.run(Lorg/gradle/internal/operations/BuildOperationContext;)V+16
j  org.gradle.internal.operations.DefaultBuildOperationRunner$1.execute(Lorg/gradle/internal/operations/RunnableBuildOperation;Lorg/gradle/internal/operations/BuildOperationContext;)V+2
j  org.gradle.internal.operations.DefaultBuildOperationRunner$1.execute(Lorg/gradle/internal/operations/BuildOperation;Lorg/gradle/internal/operations/BuildOperationContext;)V+6
j  org.gradle.internal.operations.DefaultBuildOperationRunner$2.execute(Lorg/gradle/internal/operations/BuildOperationDescriptor;Lorg/gradle/internal/operations/BuildOperationState;Lorg/gradle/internal/operations/BuildOperationState;Lorg/gradle/internal/operations/DefaultBuildOperationRunner$ReadableBuildOperationContext;Lorg/gradle/internal/operations/DefaultBuildOperationRunner$BuildOperationExecutionListener;)Lorg/gradle/internal/operations/BuildOperation;+22
j  org.gradle.internal.operations.DefaultBuildOperationRunner$2.execute(Lorg/gradle/internal/operations/BuildOperationDescriptor;Lorg/gradle/internal/operations/BuildOperationState;Lorg/gradle/internal/operations/BuildOperationState;Lorg/gradle/internal/operations/DefaultBuildOperationRunner$ReadableBuildOperationContext;Lorg/gradle/internal/operations/DefaultBuildOperationRunner$BuildOperationExecutionListener;)Ljava/lang/Object;+8
j  org.gradle.internal.operations.DefaultBuildOperationRunner.execute(Lorg/gradle/internal/operations/BuildOperationDescriptor$Builder;Lorg/gradle/internal/operations/BuildOperationState;Lorg/gradle/internal/operations/DefaultBuildOperationRunner$BuildOperationExecution;)Ljava/lang/Object;+141
j  org.gradle.internal.operations.DefaultBuildOperationRunner.execute(Lorg/gradle/internal/operations/BuildOperation;Lorg/gradle/internal/operations/BuildOperationWorker;Lorg/gradle/internal/operations/BuildOperationState;)V+18
j  org.gradle.internal.operations.DefaultBuildOperationRunner.run(Lorg/gradle/internal/operations/RunnableBuildOperation;)V+9
j  org.gradle.internal.operations.DefaultBuildOperationExecutor.run(Lorg/gradle/internal/operations/RunnableBuildOperation;)V+5
j  org.gradle.configuration.project.LifecycleProjectEvaluator.evaluate(Lorg/gradle/api/internal/project/ProjectInternal;Lorg/gradle/api/internal/project/ProjectStateInternal;)V+42
j  org.gradle.api.internal.project.DefaultProject.evaluate()Lorg/gradle/api/internal/project/DefaultProject;+9
j  org.gradle.api.internal.project.DefaultProject.evaluate()Lorg/gradle/api/Project;+1
j  org.gradle.api.internal.project.ProjectLifecycleController.lambda$ensureSelfConfigured$2()V+4
j  org.gradle.api.internal.project.ProjectLifecycleController$$Lambda$590+0x0000000100662840.run()V+4
j  org.gradle.internal.model.StateTransitionController.lambda$doTransition$13(Ljava/lang/Runnable;)Lorg/gradle/internal/build/ExecutionResult;+1
j  org.gradle.internal.model.StateTransitionController$$Lambda$253+0x00000001003fd108.get()Ljava/lang/Object;+4
j  org.gradle.internal.model.StateTransitionController.doTransition(Lorg/gradle/internal/model/StateTransitionController$State;Lorg/gradle/internal/model/StateTransitionController$State;Ljava/util/function/Supplier;)Lorg/gradle/internal/build/ExecutionResult;+24
j  org.gradle.internal.model.StateTransitionController.doTransition(Lorg/gradle/internal/model/StateTransitionController$State;Lorg/gradle/internal/model/StateTransitionController$State;Ljava/lang/Runnable;)V+9
j  org.gradle.internal.model.StateTransitionController.lambda$maybeTransitionIfNotCurrentlyTransitioning$10(Lorg/gradle/internal/model/StateTransitionController$State;Lorg/gradle/internal/model/StateTransitionController$State;Ljava/lang/Runnable;)V+16
j  org.gradle.internal.model.StateTransitionController$$Lambda$591+0x0000000100662a88.run()V+16
j  org.gradle.internal.work.DefaultSynchronizer.withLock(Ljava/lang/Runnable;)V+6
j  org.gradle.internal.model.StateTransitionController.maybeTransitionIfNotCurrentlyTransitioning(Lorg/gradle/internal/model/StateTransitionController$State;Lorg/gradle/internal/model/StateTransitionController$State;Ljava/lang/Runnable;)V+13
j  org.gradle.api.internal.project.ProjectLifecycleController.ensureSelfConfigured()V+16
j  org.gradle.api.internal.project.DefaultProjectStateRegistry$ProjectStateImpl.ensureConfigured()V+19
j  org.gradle.execution.TaskPathProjectEvaluator.configure(Lorg/gradle/api/internal/project/ProjectInternal;)V+6
j  org.gradle.execution.TaskPathProjectEvaluator.configureHierarchy(Lorg/gradle/api/internal/project/ProjectInternal;)V+2
j  org.gradle.configuration.DefaultProjectsPreparer.prepareProjects(Lorg/gradle/api/internal/GradleInternal;)V+29
j  org.gradle.configuration.BuildTreePreparingProjectsPreparer.prepareProjects(Lorg/gradle/api/internal/GradleInternal;)V+114
j  org.gradle.configuration.BuildOperationFiringProjectsPreparer$ConfigureBuild.run(Lorg/gradle/internal/operations/BuildOperationContext;)V+11
j  org.gradle.internal.operations.DefaultBuildOperationRunner$1.execute(Lorg/gradle/internal/operations/RunnableBuildOperation;Lorg/gradle/internal/operations/BuildOperationContext;)V+2
j  org.gradle.internal.operations.DefaultBuildOperationRunner$1.execute(Lorg/gradle/internal/operations/BuildOperation;Lorg/gradle/internal/operations/BuildOperationContext;)V+6
j  org.gradle.internal.operations.DefaultBuildOperationRunner$2.execute(Lorg/gradle/internal/operations/BuildOperationDescriptor;Lorg/gradle/internal/operations/BuildOperationState;Lorg/gradle/internal/operations/BuildOperationState;Lorg/gradle/internal/operations/DefaultBuildOperationRunner$ReadableBuildOperationContext;Lorg/gradle/internal/operations/DefaultBuildOperationRunner$BuildOperationExecutionListener;)Lorg/gradle/internal/operations/BuildOperation;+22
j  org.gradle.internal.operations.DefaultBuildOperationRunner$2.execute(Lorg/gradle/internal/operations/BuildOperationDescriptor;Lorg/gradle/internal/operations/BuildOperationState;Lorg/gradle/internal/operations/BuildOperationState;Lorg/gradle/internal/operations/DefaultBuildOperationRunner$ReadableBuildOperationContext;Lorg/gradle/internal/operations/DefaultBuildOperationRunner$BuildOperationExecutionListener;)Ljava/lang/Object;+8
j  org.gradle.internal.operations.DefaultBuildOperationRunner.execute(Lorg/gradle/internal/operations/BuildOperationDescriptor$Builder;Lorg/gradle/internal/operations/BuildOperationState;Lorg/gradle/internal/operations/DefaultBuildOperationRunner$BuildOperationExecution;)Ljava/lang/Object;+141
j  org.gradle.internal.operations.DefaultBuildOperationRunner.execute(Lorg/gradle/internal/operations/BuildOperation;Lorg/gradle/internal/operations/BuildOperationWorker;Lorg/gradle/internal/operations/BuildOperationState;)V+18
j  org.gradle.internal.operations.DefaultBuildOperationRunner.run(Lorg/gradle/internal/operations/RunnableBuildOperation;)V+9
j  org.gradle.internal.operations.DefaultBuildOperationExecutor.run(Lorg/gradle/internal/operations/RunnableBuildOperation;)V+5
j  org.gradle.configuration.BuildOperationFiringProjectsPreparer.prepareProjects(Lorg/gradle/api/internal/GradleInternal;)V+13
j  org.gradle.initialization.VintageBuildModelController.lambda$prepareProjects$2()V+8
j  org.gradle.initialization.VintageBuildModelController$$Lambda$579+0x0000000100646f90.run()V+4
j  org.gradle.internal.model.StateTransitionController.lambda$doTransition$13(Ljava/lang/Runnable;)Lorg/gradle/internal/build/ExecutionResult;+1
j  org.gradle.internal.model.StateTransitionController$$Lambda$253+0x00000001003fd108.get()Ljava/lang/Object;+4
j  org.gradle.internal.model.StateTransitionController.doTransition(Lorg/gradle/internal/model/StateTransitionController$State;Lorg/gradle/internal/model/StateTransitionController$State;Ljava/util/function/Supplier;)Lorg/gradle/internal/build/ExecutionResult;+24
j  org.gradle.internal.model.StateTransitionController.doTransition(Lorg/gradle/internal/model/StateTransitionController$State;Lorg/gradle/internal/model/StateTransitionController$State;Ljava/lang/Runnable;)V+9
j  org.gradle.internal.model.StateTransitionController.lambda$transitionIfNotPreviously$11(Lorg/gradle/internal/model/StateTransitionController$State;Lorg/gradle/internal/model/StateTransitionController$State;Ljava/lang/Runnable;)V+16
j  org.gradle.internal.model.StateTransitionController$$Lambda$255+0x00000001003fd598.run()V+16
j  org.gradle.internal.work.DefaultSynchronizer.withLock(Ljava/lang/Runnable;)V+6
j  org.gradle.internal.model.StateTransitionController.transitionIfNotPreviously(Lorg/gradle/internal/model/StateTransitionController$State;Lorg/gradle/internal/model/StateTransitionController$State;Ljava/lang/Runnable;)V+13
j  org.gradle.initialization.VintageBuildModelController.prepareProjects()V+16
j  org.gradle.initialization.VintageBuildModelController.prepareToScheduleTasks()V+5
j  org.gradle.internal.build.DefaultBuildLifecycleController.lambda$prepareToScheduleTasks$3()V+9
j  org.gradle.internal.build.DefaultBuildLifecycleController$$Lambda$251+0x00000001003fcc78.run()V+4
j  org.gradle.internal.model.StateTransitionController.lambda$doTransition$13(Ljava/lang/Runnable;)Lorg/gradle/internal/build/ExecutionResult;+1
j  org.gradle.internal.model.StateTransitionController$$Lambda$253+0x00000001003fd108.get()Ljava/lang/Object;+4
j  org.gradle.internal.model.StateTransitionController.doTransition(Lorg/gradle/internal/model/StateTransitionController$State;Lorg/gradle/internal/model/StateTransitionController$State;Ljava/util/function/Supplier;)Lorg/gradle/internal/build/ExecutionResult;+24
j  org.gradle.internal.model.StateTransitionController.doTransition(Lorg/gradle/internal/model/StateTransitionController$State;Lorg/gradle/internal/model/StateTransitionController$State;Ljava/lang/Runnable;)V+9
j  org.gradle.internal.model.StateTransitionController.lambda$maybeTransition$9(Lorg/gradle/internal/model/StateTransitionController$State;Lorg/gradle/internal/model/StateTransitionController$State;Ljava/lang/Runnable;)V+16
j  org.gradle.internal.model.StateTransitionController$$Lambda$252+0x00000001003fcec0.run()V+16
j  org.gradle.internal.work.DefaultSynchronizer.withLock(Ljava/lang/Runnable;)V+6
j  org.gradle.internal.model.StateTransitionController.maybeTransition(Lorg/gradle/internal/model/StateTransitionController$State;Lorg/gradle/internal/model/StateTransitionController$State;Ljava/lang/Runnable;)V+13
j  org.gradle.internal.build.DefaultBuildLifecycleController.prepareToScheduleTasks()V+16
j  org.gradle.internal.buildtree.DefaultBuildTreeWorkPreparer.scheduleRequestedTasks(Lorg/gradle/internal/buildtree/BuildTreeWorkGraph;Lorg/gradle/execution/EntryTaskSelector;)Lorg/gradle/internal/buildtree/BuildTreeWorkGraph$FinalizedGraph;+4
j  org.gradle.configurationcache.VintageBuildTreeWorkController$scheduleAndRunRequestedTasks$1.apply(Lorg/gradle/internal/buildtree/BuildTreeWorkGraph;)Lorg/gradle/internal/build/ExecutionResult;+18
j  org.gradle.configurationcache.VintageBuildTreeWorkController$scheduleAndRunRequestedTasks$1.apply(Ljava/lang/Object;)Ljava/lang/Object;+5
j  org.gradle.composite.internal.DefaultIncludedBuildTaskGraph.withNewWorkGraph(Ljava/util/function/Function;)Ljava/lang/Object;+30
j  org.gradle.configurationcache.VintageBuildTreeWorkController.scheduleAndRunRequestedTasks(Lorg/gradle/execution/EntryTaskSelector;)Lorg/gradle/internal/build/ExecutionResult;+16
j  org.gradle.internal.buildtree.DefaultBuildTreeLifecycleController.lambda$scheduleAndRunTasks$1(Lorg/gradle/execution/EntryTaskSelector;)Lorg/gradle/internal/build/ExecutionResult;+5
j  org.gradle.internal.buildtree.DefaultBuildTreeLifecycleController$$Lambda$246+0x00000001003fbcf8.get()Ljava/lang/Object;+8
j  org.gradle.internal.buildtree.DefaultBuildTreeLifecycleController.lambda$runBuild$4(Ljava/util/function/Supplier;)Ljava/lang/Object;+1
j  org.gradle.internal.buildtree.DefaultBuildTreeLifecycleController$$Lambda$247+0x00000001003fbf40.get()Ljava/lang/Object;+8
j  org.gradle.internal.model.StateTransitionController.lambda$transition$6(Ljava/util/function/Supplier;)Lorg/gradle/internal/build/ExecutionResult;+1
j  org.gradle.internal.model.StateTransitionController$$Lambda$249+0x00000001003fc3d0.get()Ljava/lang/Object;+4
j  org.gradle.internal.model.StateTransitionController.doTransition(Lorg/gradle/internal/model/StateTransitionController$State;Lorg/gradle/internal/model/StateTransitionController$State;Ljava/util/function/Supplier;)Lorg/gradle/internal/build/ExecutionResult;+24
j  org.gradle.internal.model.StateTransitionController.lambda$transition$7(Lorg/gradle/internal/model/StateTransitionController$State;Lorg/gradle/internal/model/StateTransitionController$State;Ljava/util/function/Supplier;)Ljava/lang/Object;+9
j  org.gradle.internal.model.StateTransitionController$$Lambda$248+0x00000001003fc188.create()Ljava/lang/Object;+16
j  org.gradle.internal.work.DefaultSynchronizer.withLock(Lorg/gradle/internal/Factory;)Ljava/lang/Object;+6
j  org.gradle.internal.model.StateTransitionController.transition(Lorg/gradle/internal/model/StateTransitionController$State;Lorg/gradle/internal/model/StateTransitionController$State;Ljava/util/function/Supplier;)Ljava/lang/Object;+13
j  org.gradle.internal.buildtree.DefaultBuildTreeLifecycleController.runBuild(Ljava/util/function/Supplier;)Ljava/lang/Object;+17
j  org.gradle.internal.buildtree.DefaultBuildTreeLifecycleController.scheduleAndRunTasks(Lorg/gradle/execution/EntryTaskSelector;)V+8
j  org.gradle.internal.buildtree.DefaultBuildTreeLifecycleController.scheduleAndRunTasks()V+2
j  org.gradle.tooling.internal.provider.runner.BuildModelActionRunner.run(Lorg/gradle/internal/invocation/BuildAction;Lorg/gradle/internal/buildtree/BuildTreeLifecycleController;)Lorg/gradle/internal/buildtree/BuildActionRunner$Result;+65
j  org.gradle.launcher.exec.ChainingBuildActionRunner.run(Lorg/gradle/internal/invocation/BuildAction;Lorg/gradle/internal/buildtree/BuildTreeLifecycleController;)Lorg/gradle/internal/buildtree/BuildActionRunner$Result;+34
j  org.gradle.internal.buildtree.ProblemReportingBuildActionRunner.run(Lorg/gradle/internal/invocation/BuildAction;Lorg/gradle/internal/buildtree/BuildTreeLifecycleController;)Lorg/gradle/internal/buildtree/BuildActionRunner$Result;+12
j  org.gradle.launcher.exec.BuildOutcomeReportingBuildActionRunner.run(Lorg/gradle/internal/invocation/BuildAction;Lorg/gradle/internal/buildtree/BuildTreeLifecycleController;)Lorg/gradle/internal/buildtree/BuildActionRunner$Result;+69
j  org.gradle.tooling.internal.provider.FileSystemWatchingBuildActionRunner.run(Lorg/gradle/internal/invocation/BuildAction;Lorg/gradle/internal/buildtree/BuildTreeLifecycleController;)Lorg/gradle/internal/buildtree/BuildActionRunner$Result;+335
j  org.gradle.launcher.exec.BuildCompletionNotifyingBuildActionRunner.run(Lorg/gradle/internal/invocation/BuildAction;Lorg/gradle/internal/buildtree/BuildTreeLifecycleController;)Lorg/gradle/internal/buildtree/BuildActionRunner$Result;+6
j  org.gradle.launcher.exec.RootBuildLifecycleBuildActionExecutor.lambda$execute$0(Lorg/gradle/internal/invocation/BuildAction;Lorg/gradle/internal/buildtree/BuildTreeLifecycleController;)Lorg/gradle/internal/buildtree/BuildActionRunner$Result;+6
j  org.gradle.launcher.exec.RootBuildLifecycleBuildActionExecutor$$Lambda$205+0x00000001003def28.apply(Ljava/lang/Object;)Ljava/lang/Object;+12
j  org.gradle.composite.internal.DefaultRootBuildState.run(Ljava/util/function/Function;)Ljava/lang/Object;+87
j  org.gradle.launcher.exec.RootBuildLifecycleBuildActionExecutor.execute(Lorg/gradle/internal/invocation/BuildAction;Lorg/gradle/internal/buildtree/BuildTreeContext;)Lorg/gradle/internal/buildtree/BuildActionRunner$Result;+28
j  org.gradle.internal.buildtree.DefaultBuildTreeContext.execute(Lorg/gradle/internal/invocation/BuildAction;)Lorg/gradle/internal/buildtree/BuildActionRunner$Result;+64
j  org.gradle.launcher.exec.BuildTreeLifecycleBuildActionExecutor.lambda$execute$0(Lorg/gradle/internal/invocation/BuildAction;Lorg/gradle/internal/buildtree/BuildTreeContext;)Lorg/gradle/internal/buildtree/BuildActionRunner$Result;+2
j  org.gradle.launcher.exec.BuildTreeLifecycleBuildActionExecutor$$Lambda$158+0x0000000100331058.apply(Ljava/lang/Object;)Ljava/lang/Object;+8
j  org.gradle.internal.buildtree.BuildTreeState.run(Ljava/util/function/Function;)Ljava/lang/Object;+5
j  org.gradle.launcher.exec.BuildTreeLifecycleBuildActionExecutor.execute(Lorg/gradle/internal/invocation/BuildAction;Lorg/gradle/internal/session/BuildSessionContext;)Lorg/gradle/internal/buildtree/BuildActionRunner$Result;+181
j  org.gradle.launcher.exec.RunAsBuildOperationBuildActionExecutor$3.call(Lorg/gradle/internal/operations/BuildOperationContext;)Lorg/gradle/internal/buildtree/BuildActionRunner$Result;+25
j  org.gradle.launcher.exec.RunAsBuildOperationBuildActionExecutor$3.call(Lorg/gradle/internal/operations/BuildOperationContext;)Ljava/lang/Object;+2
j  org.gradle.internal.operations.DefaultBuildOperationRunner$CallableBuildOperationWorker.execute(Lorg/gradle/internal/operations/CallableBuildOperation;Lorg/gradle/internal/operations/BuildOperationContext;)V+3
j  org.gradle.internal.operations.DefaultBuildOperationRunner$CallableBuildOperationWorker.execute(Lorg/gradle/internal/operations/BuildOperation;Lorg/gradle/internal/operations/BuildOperationContext;)V+6
j  org.gradle.internal.operations.DefaultBuildOperationRunner$2.execute(Lorg/gradle/internal/operations/BuildOperationDescriptor;Lorg/gradle/internal/operations/BuildOperationState;Lorg/gradle/internal/operations/BuildOperationState;Lorg/gradle/internal/operations/DefaultBuildOperationRunner$ReadableBuildOperationContext;Lorg/gradle/internal/operations/DefaultBuildOperationRunner$BuildOperationExecutionListener;)Lorg/gradle/internal/operations/BuildOperation;+22
j  org.gradle.internal.operations.DefaultBuildOperationRunner$2.execute(Lorg/gradle/internal/operations/BuildOperationDescriptor;Lorg/gradle/internal/operations/BuildOperationState;Lorg/gradle/internal/operations/BuildOperationState;Lorg/gradle/internal/operations/DefaultBuildOperationRunner$ReadableBuildOperationContext;Lorg/gradle/internal/operations/DefaultBuildOperationRunner$BuildOperationExecutionListener;)Ljava/lang/Object;+8
j  org.gradle.internal.operations.DefaultBuildOperationRunner.execute(Lorg/gradle/internal/operations/BuildOperationDescriptor$Builder;Lorg/gradle/internal/operations/BuildOperationState;Lorg/gradle/internal/operations/DefaultBuildOperationRunner$BuildOperationExecution;)Ljava/lang/Object;+141
j  org.gradle.internal.operations.DefaultBuildOperationRunner.execute(Lorg/gradle/internal/operations/BuildOperation;Lorg/gradle/internal/operations/BuildOperationWorker;Lorg/gradle/internal/operations/BuildOperationState;)V+18
j  org.gradle.internal.operations.DefaultBuildOperationRunner.call(Lorg/gradle/internal/operations/CallableBuildOperation;)Ljava/lang/Object;+16
j  org.gradle.internal.operations.DefaultBuildOperationExecutor.call(Lorg/gradle/internal/operations/CallableBuildOperation;)Ljava/lang/Object;+5
j  org.gradle.launcher.exec.RunAsBuildOperationBuildActionExecutor.execute(Lorg/gradle/internal/invocation/BuildAction;Lorg/gradle/internal/session/BuildSessionContext;)Lorg/gradle/internal/buildtree/BuildActionRunner$Result;+23
j  org.gradle.launcher.exec.RunAsWorkerThreadBuildActionExecutor.lambda$execute$0(Lorg/gradle/internal/invocation/BuildAction;Lorg/gradle/internal/session/BuildSessionContext;)Lorg/gradle/internal/buildtree/BuildActionRunner$Result;+6
j  org.gradle.launcher.exec.RunAsWorkerThreadBuildActionExecutor$$Lambda$157+0x0000000100316008.create()Ljava/lang/Object;+12
j  org.gradle.internal.work.DefaultWorkerLeaseService.withLocks(Ljava/util/Collection;Lorg/gradle/internal/Factory;)Ljava/lang/Object;+28
j  org.gradle.internal.work.DefaultWorkerLeaseService.runAsWorkerThread(Lorg/gradle/internal/Factory;)Ljava/lang/Object;+33
j  org.gradle.launcher.exec.RunAsWorkerThreadBuildActionExecutor.execute(Lorg/gradle/internal/invocation/BuildAction;Lorg/gradle/internal/session/BuildSessionContext;)Lorg/gradle/internal/buildtree/BuildActionRunner$Result;+12
j  org.gradle.tooling.internal.provider.continuous.ContinuousBuildActionExecutor.execute(Lorg/gradle/internal/invocation/BuildAction;Lorg/gradle/internal/session/BuildSessionContext;)Lorg/gradle/internal/buildtree/BuildActionRunner$Result;+58
j  org.gradle.tooling.internal.provider.SubscribableBuildActionExecutor.execute(Lorg/gradle/internal/invocation/BuildAction;Lorg/gradle/internal/session/BuildSessionContext;)Lorg/gradle/internal/buildtree/BuildActionRunner$Result;+30
j  org.gradle.internal.session.DefaultBuildSessionContext.execute(Lorg/gradle/internal/invocation/BuildAction;)Lorg/gradle/internal/buildtree/BuildActionRunner$Result;+64
j  org.gradle.tooling.internal.provider.BuildSessionLifecycleBuildActionExecuter$ActionImpl.apply(Lorg/gradle/internal/session/BuildSessionContext;)Lorg/gradle/launcher/exec/BuildActionResult;+6
j  org.gradle.tooling.internal.provider.BuildSessionLifecycleBuildActionExecuter$ActionImpl.apply(Ljava/lang/Object;)Ljava/lang/Object;+5
j  org.gradle.internal.session.BuildSessionState.run(Ljava/util/function/Function;)Ljava/lang/Object;+5
j  org.gradle.tooling.internal.provider.BuildSessionLifecycleBuildActionExecuter.execute(Lorg/gradle/internal/invocation/BuildAction;Lorg/gradle/launcher/exec/BuildActionParameters;Lorg/gradle/initialization/BuildRequestContext;)Lorg/gradle/launcher/exec/BuildActionResult;+95
j  org.gradle.tooling.internal.provider.BuildSessionLifecycleBuildActionExecuter.execute(Lorg/gradle/internal/invocation/BuildAction;Ljava/lang/Object;Ljava/lang/Object;)Lorg/gradle/launcher/exec/BuildActionResult;+10
j  org.gradle.tooling.internal.provider.StartParamsValidatingActionExecuter.execute(Lorg/gradle/internal/invocation/BuildAction;Lorg/gradle/launcher/exec/BuildActionParameters;Lorg/gradle/initialization/BuildRequestContext;)Lorg/gradle/launcher/exec/BuildActionResult;+177
j  org.gradle.tooling.internal.provider.StartParamsValidatingActionExecuter.execute(Lorg/gradle/internal/invocation/BuildAction;Ljava/lang/Object;Ljava/lang/Object;)Lorg/gradle/launcher/exec/BuildActionResult;+10
j  org.gradle.tooling.internal.provider.SessionFailureReportingActionExecuter.execute(Lorg/gradle/internal/invocation/BuildAction;Lorg/gradle/launcher/exec/BuildActionParameters;Lorg/gradle/initialization/BuildRequestContext;)Lorg/gradle/launcher/exec/BuildActionResult;+7
j  org.gradle.tooling.internal.provider.SessionFailureReportingActionExecuter.execute(Lorg/gradle/internal/invocation/BuildAction;Ljava/lang/Object;Ljava/lang/Object;)Lorg/gradle/launcher/exec/BuildActionResult;+10
j  org.gradle.tooling.internal.provider.SetupLoggingActionExecuter.execute(Lorg/gradle/internal/invocation/BuildAction;Lorg/gradle/launcher/exec/BuildActionParameters;Lorg/gradle/initialization/BuildRequestContext;)Lorg/gradle/launcher/exec/BuildActionResult;+50
j  org.gradle.tooling.internal.provider.SetupLoggingActionExecuter.execute(Lorg/gradle/internal/invocation/BuildAction;Ljava/lang/Object;Ljava/lang/Object;)Lorg/gradle/launcher/exec/BuildActionResult;+10
j  org.gradle.launcher.daemon.server.exec.ExecuteBuild.doBuild(Lorg/gradle/launcher/daemon/server/api/DaemonCommandExecution;Lorg/gradle/launcher/daemon/protocol/Build;)V+117
j  org.gradle.launcher.daemon.server.exec.BuildCommandOnly.execute(Lorg/gradle/launcher/daemon/server/api/DaemonCommandExecution;)V+49
j  org.gradle.launcher.daemon.server.api.DaemonCommandExecution.proceed()Z+23
j  org.gradle.launcher.daemon.server.exec.WatchForDisconnection.execute(Lorg/gradle/launcher/daemon/server/api/DaemonCommandExecution;)V+19
j  org.gradle.launcher.daemon.server.api.DaemonCommandExecution.proceed()Z+23
j  org.gradle.launcher.daemon.server.exec.ResetDeprecationLogger.execute(Lorg/gradle/launcher/daemon/server/api/DaemonCommandExecution;)V+7
j  org.gradle.launcher.daemon.server.api.DaemonCommandExecution.proceed()Z+23
j  org.gradle.launcher.daemon.server.exec.RequestStopIfSingleUsedDaemon.execute(Lorg/gradle/launcher/daemon/server/api/DaemonCommandExecution;)V+33
j  org.gradle.launcher.daemon.server.api.DaemonCommandExecution.proceed()Z+23
j  org.gradle.launcher.daemon.server.exec.ForwardClientInput$2.create()Ljava/lang/Void;+4
j  org.gradle.launcher.daemon.server.exec.ForwardClientInput$2.create()Ljava/lang/Object;+1
j  org.gradle.util.internal.Swapper.swap(Ljava/lang/Object;Lorg/gradle/internal/Factory;)Ljava/lang/Object;+21
j  org.gradle.launcher.daemon.server.exec.ForwardClientInput.execute(Lorg/gradle/launcher/daemon/server/api/DaemonCommandExecution;)V+63
j  org.gradle.launcher.daemon.server.api.DaemonCommandExecution.proceed()Z+23
j  org.gradle.launcher.daemon.server.exec.LogAndCheckHealth.execute(Lorg/gradle/launcher/daemon/server/api/DaemonCommandExecution;)V+51
j  org.gradle.launcher.daemon.server.api.DaemonCommandExecution.proceed()Z+23
j  org.gradle.launcher.daemon.server.exec.LogToClient.doBuild(Lorg/gradle/launcher/daemon/server/api/DaemonCommandExecution;Lorg/gradle/launcher/daemon/protocol/Build;)V+87
j  org.gradle.launcher.daemon.server.exec.BuildCommandOnly.execute(Lorg/gradle/launcher/daemon/server/api/DaemonCommandExecution;)V+49
j  org.gradle.launcher.daemon.server.api.DaemonCommandExecution.proceed()Z+23
j  org.gradle.launcher.daemon.server.exec.EstablishBuildEnvironment.doBuild(Lorg/gradle/launcher/daemon/server/api/DaemonCommandExecution;Lorg/gradle/launcher/daemon/protocol/Build;)V+356
j  org.gradle.launcher.daemon.server.exec.BuildCommandOnly.execute(Lorg/gradle/launcher/daemon/server/api/DaemonCommandExecution;)V+49
j  org.gradle.launcher.daemon.server.api.DaemonCommandExecution.proceed()Z+23
j  org.gradle.launcher.daemon.server.exec.StartBuildOrRespondWithBusy$1.run()V+44
j  org.gradle.launcher.daemon.server.DaemonStateCoordinator$1.run()V+4
j  org.gradle.internal.concurrent.ExecutorPolicy$CatchAndRecordFailures.onExecute(Ljava/lang/Runnable;)V+1
j  org.gradle.internal.concurrent.ManagedExecutorImpl$1.run()V+25
j  java.util.concurrent.ThreadPoolExecutor.runWorker(Ljava/util/concurrent/ThreadPoolExecutor$Worker;)V+92 java.base@17.0.6
j  java.util.concurrent.ThreadPoolExecutor$Worker.run()V+5 java.base@17.0.6
j  java.lang.Thread.run()V+11 java.base@17.0.6
v  ~StubRoutines::call_stub

---------------  P R O C E S S  ---------------

Threads class SMR info:
_java_thread_list=0x00000271fdb7a710, length=41, elements={
0x00000271dd316fe0, 0x00000271f783e020, 0x00000271f783e790, 0x00000271f7856350,
0x00000271f7856920, 0x00000271f7856df0, 0x00000271f787ad40, 0x00000271f782b030,
0x00000271f782b5f0, 0x00000271f78b77f0, 0x00000271f7a11ac0, 0x00000271f7a123a0,
0x00000271f82ac400, 0x00000271f82ac8d0, 0x00000271f82aea80, 0x00000271f82aef50,
0x00000271f82acda0, 0x00000271f82af420, 0x00000271f82af8f0, 0x00000271f82ad740,
0x00000271f82afdc0, 0x00000271f82ae5b0, 0x00000271f82ae0e0, 0x00000271f82adc10,
0x00000271f82ad270, 0x00000271fa667870, 0x00000271fa66c0a0, 0x00000271fa66cf10,
0x00000271fa669ef0, 0x00000271fa668210, 0x00000271fa666ed0, 0x00000271fa669a20,
0x00000271fa66a3c0, 0x00000271fa666530, 0x00000271fa668bb0, 0x00000271fa66ad60,
0x00000271fa66b700, 0x00000271fa669080, 0x00000271fa667d40, 0x00000271fa66ca40,
0x00000271fa66bbd0
}

Java Threads: ( => current thread )
  0x00000271dd316fe0 JavaThread "main" [_thread_blocked, id=21232, stack(0x0000007458000000,0x0000007458100000)]
  0x00000271f783e020 JavaThread "Reference Handler" daemon [_thread_blocked, id=26060, stack(0x0000007458700000,0x0000007458800000)]
  0x00000271f783e790 JavaThread "Finalizer" daemon [_thread_blocked, id=20540, stack(0x0000007458800000,0x0000007458900000)]
  0x00000271f7856350 JavaThread "Signal Dispatcher" daemon [_thread_blocked, id=21348, stack(0x0000007458900000,0x0000007458a00000)]
  0x00000271f7856920 JavaThread "Attach Listener" daemon [_thread_blocked, id=23020, stack(0x0000007458a00000,0x0000007458b00000)]
  0x00000271f7856df0 JavaThread "Service Thread" daemon [_thread_blocked, id=23024, stack(0x0000007458b00000,0x0000007458c00000)]
  0x00000271f787ad40 JavaThread "Monitor Deflation Thread" daemon [_thread_blocked, id=25492, stack(0x0000007458c00000,0x0000007458d00000)]
  0x00000271f782b030 JavaThread "C2 CompilerThread0" daemon [_thread_blocked, id=22060, stack(0x0000007458d00000,0x0000007458e00000)]
  0x00000271f782b5f0 JavaThread "C1 CompilerThread0" daemon [_thread_blocked, id=6140, stack(0x0000007458e00000,0x0000007458f00000)]
  0x00000271f78b77f0 JavaThread "Sweeper thread" daemon [_thread_blocked, id=14132, stack(0x0000007458f00000,0x0000007459000000)]
  0x00000271f7a11ac0 JavaThread "Common-Cleaner" daemon [_thread_blocked, id=21356, stack(0x0000007459000000,0x0000007459100000)]
  0x00000271f7a123a0 JavaThread "Notification Thread" daemon [_thread_blocked, id=9436, stack(0x0000007459100000,0x0000007459200000)]
  0x00000271f82ac400 JavaThread "Daemon health stats" [_thread_blocked, id=18260, stack(0x0000007459900000,0x0000007459a00000)]
  0x00000271f82ac8d0 JavaThread "Incoming local TCP Connector on port 3936" [_thread_in_native, id=16904, stack(0x0000007459a00000,0x0000007459b00000)]
  0x00000271f82aea80 JavaThread "Daemon periodic checks" [_thread_blocked, id=20876, stack(0x0000007459b00000,0x0000007459c00000)]
  0x00000271f82aef50 JavaThread "Daemon" [_thread_blocked, id=23120, stack(0x0000007459c00000,0x0000007459d00000)]
  0x00000271f82acda0 JavaThread "Handler for socket connection from /127.0.0.1:3936 to /127.0.0.1:3937" [_thread_in_native, id=420, stack(0x0000007459d00000,0x0000007459e00000)]
  0x00000271f82af420 JavaThread "Cancel handler" [_thread_blocked, id=21364, stack(0x0000007459e00000,0x0000007459f00000)]
=>0x00000271f82af8f0 JavaThread "Daemon worker" [_thread_in_vm, id=14676, stack(0x0000007459f00000,0x000000745a000000)]
  0x00000271f82ad740 JavaThread "Asynchronous log dispatcher for DefaultDaemonConnection: socket connection from /127.0.0.1:3936 to /127.0.0.1:3937" [_thread_blocked, id=14628, stack(0x000000745a000000,0x000000745a100000)]
  0x00000271f82afdc0 JavaThread "Stdin handler" [_thread_blocked, id=8104, stack(0x000000745a100000,0x000000745a200000)]
  0x00000271f82ae5b0 JavaThread "Daemon client event forwarder" [_thread_blocked, id=14588, stack(0x000000745a200000,0x000000745a300000)]
  0x00000271f82ae0e0 JavaThread "Cache worker for journal cache (C:\Users\hpsyo\.gradle\caches\journal-1)" [_thread_blocked, id=24900, stack(0x000000745a400000,0x000000745a500000)]
  0x00000271f82adc10 JavaThread "File lock request listener" [_thread_in_native, id=11428, stack(0x000000745a500000,0x000000745a600000)]
  0x00000271f82ad270 JavaThread "Cache worker for file hash cache (C:\Users\hpsyo\.gradle\caches\8.0\fileHashes)" [_thread_blocked, id=19696, stack(0x0000007459300000,0x0000007459400000)]
  0x00000271fa667870 JavaThread "File watcher server" daemon [_thread_in_native, id=23844, stack(0x000000745a600000,0x000000745a700000)]
  0x00000271fa66c0a0 JavaThread "File watcher consumer" daemon [_thread_blocked, id=16812, stack(0x000000745a700000,0x000000745a800000)]
  0x00000271fa66cf10 JavaThread "Cache worker for checksums cache (C:\Users\hpsyo\AndroidStudioProjects\subway\.gradle\8.0\checksums)" [_thread_blocked, id=10084, stack(0x000000745a800000,0x000000745a900000)]
  0x00000271fa669ef0 JavaThread "Cache worker for cache directory md-rule (C:\Users\hpsyo\.gradle\caches\8.0\md-rule)" [_thread_blocked, id=23696, stack(0x000000745a900000,0x000000745aa00000)]
  0x00000271fa668210 JavaThread "Cache worker for file content cache (C:\Users\hpsyo\.gradle\caches\8.0\fileContent)" [_thread_blocked, id=10428, stack(0x000000745ab00000,0x000000745ac00000)]
  0x00000271fa666ed0 JavaThread "Cache worker for file hash cache (C:\Users\hpsyo\AndroidStudioProjects\subway\.gradle\8.0\fileHashes)" [_thread_blocked, id=16608, stack(0x000000745ac00000,0x000000745ad00000)]
  0x00000271fa669a20 JavaThread "Cache worker for cache directory md-supplier (C:\Users\hpsyo\.gradle\caches\8.0\md-supplier)" [_thread_blocked, id=13652, stack(0x000000745ad00000,0x000000745ae00000)]
  0x00000271fa66a3c0 JavaThread "Cache worker for execution history cache (C:\Users\hpsyo\.gradle\caches\8.0\executionHistory)" [_thread_blocked, id=19096, stack(0x000000745ae00000,0x000000745af00000)]
  0x00000271fa666530 JavaThread "jar transforms" [_thread_blocked, id=14244, stack(0x000000745aa00000,0x000000745ab00000)]
  0x00000271fa668bb0 JavaThread "jar transforms Thread 2" [_thread_blocked, id=21020, stack(0x000000745b000000,0x000000745b100000)]
  0x00000271fa66ad60 JavaThread "Cache worker for kotlin-dsl (C:\Users\hpsyo\.gradle\caches\8.0\kotlin-dsl)" [_thread_blocked, id=5772, stack(0x000000745b200000,0x000000745b300000)]
  0x00000271fa66b700 JavaThread "jar transforms Thread 3" [_thread_blocked, id=19484, stack(0x000000745af00000,0x000000745b000000)]
  0x00000271fa669080 JavaThread "jar transforms Thread 4" [_thread_blocked, id=26568, stack(0x000000745b400000,0x000000745b500000)]
  0x00000271fa667d40 JavaThread "Cache worker for dependencies-accessors (C:\Users\hpsyo\AndroidStudioProjects\subway\.gradle\8.0\dependencies-accessors)" [_thread_blocked, id=11732, stack(0x000000745b500000,0x000000745b600000)]
  0x00000271fa66ca40 JavaThread "Cache worker for Build Output Cleanup Cache (C:\Users\hpsyo\AndroidStudioProjects\subway\.gradle\buildOutputCleanup)" [_thread_blocked, id=22620, stack(0x000000745b600000,0x000000745b700000)]
  0x00000271fa66bbd0 JavaThread "jar transforms Thread 5" [_thread_blocked, id=10112, stack(0x000000745b700000,0x000000745b800000)]

Other Threads:
  0x00000271f6d1e7f0 VMThread "VM Thread" [stack: 0x0000007458600000,0x0000007458700000] [id=8656] _threads_hazard_ptr=0x00000271fdb7a710
  0x00000271f7a12870 WatcherThread [stack: 0x0000007459200000,0x0000007459300000] [id=8600]
  0x00000271dd375b60 GCTaskThread "GC Thread#0" [stack: 0x0000007458100000,0x0000007458200000] [id=26580]
  0x00000271f85b65b0 GCTaskThread "GC Thread#1" [stack: 0x0000007459400000,0x0000007459500000] [id=5164]
  0x00000271f85c5080 GCTaskThread "GC Thread#2" [stack: 0x0000007459500000,0x0000007459600000] [id=20384]
  0x00000271f85c5330 GCTaskThread "GC Thread#3" [stack: 0x0000007459600000,0x0000007459700000] [id=20604]
  0x00000271f87040b0 GCTaskThread "GC Thread#4" [stack: 0x0000007459700000,0x0000007459800000] [id=3288]
  0x00000271f86a3a60 GCTaskThread "GC Thread#5" [stack: 0x0000007459800000,0x0000007459900000] [id=21824]
  0x00000271dd3869b0 ConcurrentGCThread "G1 Main Marker" [stack: 0x0000007458200000,0x0000007458300000] [id=25068]
  0x00000271dd389a80 ConcurrentGCThread "G1 Conc#0" [stack: 0x0000007458300000,0x0000007458400000] [id=3036]
  0x00000271fa0c9e60 ConcurrentGCThread "G1 Conc#1" [stack: 0x000000745a300000,0x000000745a400000] [id=25120]
  0x00000271dd3ee2f0 ConcurrentGCThread "G1 Refine#0" [stack: 0x0000007458400000,0x0000007458500000] [id=20464]
  0x00000271fd7e6610 ConcurrentGCThread "G1 Refine#1" [stack: 0x000000745b100000,0x000000745b200000] [id=5368]
  0x00000271dd3ee830 ConcurrentGCThread "G1 Service" [stack: 0x0000007458500000,0x0000007458600000] [id=21584]

Threads with active compile tasks:
C2 CompilerThread0    14632 5234       4       org.gradle.internal.serialize.kryo.StringDeduplicatingKryoBackedEncoder::writeNullableString (114 bytes)

VM state: synchronizing (normal execution)

VM Mutex/Monitor currently owned by a thread:  ([mutex/lock_event])
[0x00000271dd310fe0] Metaspace_lock - owner thread: 0x00000271f82af8f0
[0x00000271dd312c90] Threads_lock - owner thread: 0x00000271f6d1e7f0

Heap address: 0x0000000080000000, size: 2048 MB, Compressed Oops mode: 32-bit

CDS archive(s) not mapped
Compressed class space mapped at: 0x0000000100000000-0x0000000140000000, reserved size: 1073741824
Narrow klass base: 0x0000000000000000, Narrow klass shift: 3, Narrow klass range: 0x140000000

GC Precious Log:
 CPUs: 6 total, 6 available
 Memory: 16322M
 Large Page Support: Disabled
 NUMA Support: Disabled
 Compressed Oops: Enabled (32-bit)
 Heap Region Size: 1M
 Heap Min Capacity: 8M
 Heap Initial Capacity: 256M
 Heap Max Capacity: 2G
 Pre-touch: Disabled
 Parallel Workers: 6
 Concurrent Workers: 2
 Concurrent Refinement Workers: 6
 Periodic GC: Disabled

Heap:
 garbage-first heap   total 68608K, used 39535K [0x0000000080000000, 0x0000000100000000)
  region size 1024K, 8 young (8192K), 3 survivors (3072K)
 Metaspace       used 52875K, committed 53312K, reserved 1097728K
  class space    used 7074K, committed 7296K, reserved 1048576K

Heap Regions: E=young(eden), S=young(survivor), O=old, HS=humongous(starts), HC=humongous(continues), CS=collection set, F=free, OA=open archive, CA=closed archive, TAMS=top-at-mark-start (previous, next)
|   0|0x0000000080000000, 0x0000000080100000, 0x0000000080100000|100%|HS|  |TAMS 0x0000000080100000, 0x0000000080000000| Complete 
|   1|0x0000000080100000, 0x0000000080200000, 0x0000000080200000|100%|HC|  |TAMS 0x0000000080200000, 0x0000000080100000| Complete 
|   2|0x0000000080200000, 0x0000000080300000, 0x0000000080300000|100%|HC|  |TAMS 0x0000000080300000, 0x0000000080200000| Complete 
|   3|0x0000000080300000, 0x0000000080400000, 0x0000000080400000|100%|HC|  |TAMS 0x0000000080400000, 0x0000000080300000| Complete 
|   4|0x0000000080400000, 0x0000000080500000, 0x0000000080500000|100%| O|  |TAMS 0x0000000080500000, 0x0000000080400000| Untracked 
|   5|0x0000000080500000, 0x0000000080600000, 0x0000000080600000|100%| O|  |TAMS 0x0000000080600000, 0x0000000080500000| Untracked 
|   6|0x0000000080600000, 0x0000000080700000, 0x0000000080700000|100%| O|  |TAMS 0x0000000080700000, 0x0000000080600000| Untracked 
|   7|0x0000000080700000, 0x0000000080800000, 0x0000000080800000|100%| O|  |TAMS 0x0000000080800000, 0x0000000080700000| Untracked 
|   8|0x0000000080800000, 0x0000000080900000, 0x0000000080900000|100%| O|  |TAMS 0x0000000080900000, 0x0000000080800000| Untracked 
|   9|0x0000000080900000, 0x0000000080a00000, 0x0000000080a00000|100%| O|  |TAMS 0x0000000080a00000, 0x0000000080900000| Untracked 
|  10|0x0000000080a00000, 0x0000000080a09400, 0x0000000080b00000|  3%| O|  |TAMS 0x0000000080a09400, 0x0000000080a00000| Untracked 
|  11|0x0000000080b00000, 0x0000000080c00000, 0x0000000080c00000|100%| O|  |TAMS 0x0000000080c00000, 0x0000000080b00000| Untracked 
|  12|0x0000000080c00000, 0x0000000080d00000, 0x0000000080d00000|100%| O|  |TAMS 0x0000000080d00000, 0x0000000080c00000| Untracked 
|  13|0x0000000080d00000, 0x0000000080e00000, 0x0000000080e00000|100%| O|  |TAMS 0x0000000080e00000, 0x0000000080d00000| Untracked 
|  14|0x0000000080e00000, 0x0000000080f00000, 0x0000000080f00000|100%| O|  |TAMS 0x0000000080f00000, 0x0000000080e00000| Untracked 
|  15|0x0000000080f00000, 0x0000000081000000, 0x0000000081000000|100%| O|  |TAMS 0x0000000081000000, 0x0000000080f00000| Untracked 
|  16|0x0000000081000000, 0x0000000081100000, 0x0000000081100000|100%| O|  |TAMS 0x0000000081100000, 0x0000000081000000| Untracked 
|  17|0x0000000081100000, 0x0000000081200000, 0x0000000081200000|100%| O|  |TAMS 0x0000000081200000, 0x0000000081100000| Untracked 
|  18|0x0000000081200000, 0x0000000081300000, 0x0000000081300000|100%| O|  |TAMS 0x0000000081300000, 0x0000000081200000| Untracked 
|  19|0x0000000081300000, 0x0000000081400000, 0x0000000081400000|100%| O|  |TAMS 0x0000000081400000, 0x0000000081300000| Untracked 
|  20|0x0000000081400000, 0x0000000081500000, 0x0000000081500000|100%| O|  |TAMS 0x0000000081500000, 0x0000000081400000| Untracked 
|  21|0x0000000081500000, 0x0000000081600000, 0x0000000081600000|100%| O|  |TAMS 0x0000000081600000, 0x0000000081500000| Untracked 
|  22|0x0000000081600000, 0x0000000081700000, 0x0000000081700000|100%| O|  |TAMS 0x0000000081700000, 0x0000000081600000| Untracked 
|  23|0x0000000081700000, 0x0000000081800000, 0x0000000081800000|100%| O|  |TAMS 0x0000000081800000, 0x0000000081700000| Untracked 
|  24|0x0000000081800000, 0x0000000081900000, 0x0000000081900000|100%| O|  |TAMS 0x0000000081900000, 0x0000000081800000| Untracked 
|  25|0x0000000081900000, 0x0000000081a00000, 0x0000000081a00000|100%| O|  |TAMS 0x0000000081a00000, 0x0000000081900000| Untracked 
|  26|0x0000000081a00000, 0x0000000081b00000, 0x0000000081b00000|100%| O|  |TAMS 0x0000000081b00000, 0x0000000081a00000| Untracked 
|  27|0x0000000081b00000, 0x0000000081c00000, 0x0000000081c00000|100%| O|  |TAMS 0x0000000081c00000, 0x0000000081b00000| Untracked 
|  28|0x0000000081c00000, 0x0000000081d00000, 0x0000000081d00000|100%| O|  |TAMS 0x0000000081d00000, 0x0000000081c00000| Untracked 
|  29|0x0000000081d00000, 0x0000000081e00000, 0x0000000081e00000|100%| O|  |TAMS 0x0000000081e00000, 0x0000000081d00000| Untracked 
|  30|0x0000000081e00000, 0x0000000081f00000, 0x0000000081f00000|100%| O|  |TAMS 0x0000000081f00000, 0x0000000081e00000| Untracked 
|  31|0x0000000081f00000, 0x0000000082000000, 0x0000000082000000|100%| O|  |TAMS 0x0000000081f66800, 0x0000000081f00000| Untracked 
|  32|0x0000000082000000, 0x00000000820e0c00, 0x0000000082100000| 87%| O|  |TAMS 0x0000000082000000, 0x0000000082000000| Untracked 
|  33|0x0000000082100000, 0x0000000082100000, 0x0000000082200000|  0%| F|  |TAMS 0x0000000082100000, 0x0000000082100000| Untracked 
|  34|0x0000000082200000, 0x0000000082200000, 0x0000000082300000|  0%| F|  |TAMS 0x0000000082200000, 0x0000000082200000| Untracked 
|  35|0x0000000082300000, 0x0000000082300000, 0x0000000082400000|  0%| F|  |TAMS 0x0000000082300000, 0x0000000082300000| Untracked 
|  36|0x0000000082400000, 0x0000000082400000, 0x0000000082500000|  0%| F|  |TAMS 0x0000000082400000, 0x0000000082400000| Untracked 
|  37|0x0000000082500000, 0x0000000082500000, 0x0000000082600000|  0%| F|  |TAMS 0x0000000082500000, 0x0000000082500000| Untracked 
|  38|0x0000000082600000, 0x0000000082600000, 0x0000000082700000|  0%| F|  |TAMS 0x0000000082600000, 0x0000000082600000| Untracked 
|  39|0x0000000082700000, 0x0000000082700000, 0x0000000082800000|  0%| F|  |TAMS 0x0000000082700000, 0x0000000082700000| Untracked 
|  40|0x0000000082800000, 0x0000000082800000, 0x0000000082900000|  0%| F|  |TAMS 0x0000000082800000, 0x0000000082800000| Untracked 
|  41|0x0000000082900000, 0x0000000082900000, 0x0000000082a00000|  0%| F|  |TAMS 0x0000000082900000, 0x0000000082900000| Untracked 
|  42|0x0000000082a00000, 0x0000000082a00000, 0x0000000082b00000|  0%| F|  |TAMS 0x0000000082a00000, 0x0000000082a00000| Untracked 
|  43|0x0000000082b00000, 0x0000000082bb1d20, 0x0000000082c00000| 69%| S|CS|TAMS 0x0000000082b00000, 0x0000000082b00000| Complete 
|  44|0x0000000082c00000, 0x0000000082d00000, 0x0000000082d00000|100%| S|CS|TAMS 0x0000000082c00000, 0x0000000082c00000| Complete 
|  45|0x0000000082d00000, 0x0000000082d00000, 0x0000000082e00000|  0%| F|  |TAMS 0x0000000082d00000, 0x0000000082d00000| Untracked 
|  46|0x0000000082e00000, 0x0000000082e00000, 0x0000000082f00000|  0%| F|  |TAMS 0x0000000082e00000, 0x0000000082e00000| Untracked 
|  47|0x0000000082f00000, 0x0000000083000000, 0x0000000083000000|100%| S|CS|TAMS 0x0000000082f00000, 0x0000000082f00000| Complete 
|  48|0x0000000083000000, 0x0000000083000000, 0x0000000083100000|  0%| F|  |TAMS 0x0000000083000000, 0x0000000083000000| Untracked 
|  49|0x0000000083100000, 0x0000000083100000, 0x0000000083200000|  0%| F|  |TAMS 0x0000000083100000, 0x0000000083100000| Untracked 
|  50|0x0000000083200000, 0x0000000083200000, 0x0000000083300000|  0%| F|  |TAMS 0x0000000083200000, 0x0000000083200000| Untracked 
|  51|0x0000000083300000, 0x0000000083300000, 0x0000000083400000|  0%| F|  |TAMS 0x0000000083300000, 0x0000000083300000| Untracked 
|  52|0x0000000083400000, 0x0000000083400000, 0x0000000083500000|  0%| F|  |TAMS 0x0000000083400000, 0x0000000083400000| Untracked 
|  53|0x0000000083500000, 0x0000000083500000, 0x0000000083600000|  0%| F|  |TAMS 0x0000000083500000, 0x0000000083500000| Untracked 
|  54|0x0000000083600000, 0x0000000083600000, 0x0000000083700000|  0%| F|  |TAMS 0x0000000083600000, 0x0000000083600000| Untracked 
|  55|0x0000000083700000, 0x0000000083700000, 0x0000000083800000|  0%| F|  |TAMS 0x0000000083700000, 0x0000000083700000| Untracked 
|  56|0x0000000083800000, 0x0000000083800000, 0x0000000083900000|  0%| F|  |TAMS 0x0000000083800000, 0x0000000083800000| Untracked 
|  57|0x0000000083900000, 0x0000000083900000, 0x0000000083a00000|  0%| F|  |TAMS 0x0000000083900000, 0x0000000083900000| Untracked 
| 201|0x000000008c900000, 0x000000008c900000, 0x000000008ca00000|  0%| F|  |TAMS 0x000000008c900000, 0x000000008c900000| Untracked 
| 202|0x000000008ca00000, 0x000000008ca00000, 0x000000008cb00000|  0%| F|  |TAMS 0x000000008ca00000, 0x000000008ca00000| Untracked 
| 203|0x000000008cb00000, 0x000000008cb00000, 0x000000008cc00000|  0%| F|  |TAMS 0x000000008cb00000, 0x000000008cb00000| Untracked 
| 204|0x000000008cc00000, 0x000000008cc00000, 0x000000008cd00000|  0%| F|  |TAMS 0x000000008cc00000, 0x000000008cc00000| Untracked 
| 205|0x000000008cd00000, 0x000000008cdc0b90, 0x000000008ce00000| 75%| E|  |TAMS 0x000000008cd00000, 0x000000008cd00000| Complete 
| 206|0x000000008ce00000, 0x000000008cf00000, 0x000000008cf00000|100%| E|CS|TAMS 0x000000008ce00000, 0x000000008ce00000| Complete 
| 207|0x000000008cf00000, 0x000000008d000000, 0x000000008d000000|100%| E|CS|TAMS 0x000000008cf00000, 0x000000008cf00000| Complete 
| 208|0x000000008d000000, 0x000000008d100000, 0x000000008d100000|100%| E|CS|TAMS 0x000000008d000000, 0x000000008d000000| Complete 
| 255|0x000000008ff00000, 0x0000000090000000, 0x0000000090000000|100%| E|CS|TAMS 0x000000008ff00000, 0x000000008ff00000| Complete 

Card table byte_map: [0x00000271efd00000,0x00000271f0100000] _byte_map_base: 0x00000271ef900000

Marking Bits (Prev, Next): (CMBitMap*) 0x00000271dd3760c0, (CMBitMap*) 0x00000271dd376080
 Prev Bits: [0x00000271f2500000, 0x00000271f4500000)
 Next Bits: [0x00000271f0500000, 0x00000271f2500000)

Polling page: 0x00000271dcaf0000

Metaspace:

Usage:
  Non-class:     44.73 MB used.
      Class:      6.91 MB used.
       Both:     51.64 MB used.

Virtual space:
  Non-class space:       48.00 MB reserved,      44.94 MB ( 94%) committed,  6 nodes.
      Class space:        1.00 GB reserved,       7.12 MB ( <1%) committed,  1 nodes.
             Both:        1.05 GB reserved,      52.06 MB (  5%) committed. 

Chunk freelists:
   Non-Class:  2.86 MB
       Class:  880.00 KB
        Both:  3.72 MB

MaxMetaspaceSize: unlimited
CompressedClassSpaceSize: 1.00 GB
Initial GC threshold: 21.00 MB
Current GC threshold: 86.50 MB
CDS: off
MetaspaceReclaimPolicy: balanced
 - commit_granule_bytes: 65536.
 - commit_granule_words: 8192.
 - virtual_space_node_default_size: 1048576.
 - enlarge_chunks_in_place: 1.
 - new_chunks_are_fully_committed: 0.
 - uncommit_free_chunks: 1.
 - use_allocation_guard: 0.
 - handle_deallocations: 1.


Internal statistics:

num_allocs_failed_limit: 6.
num_arena_births: 554.
num_arena_deaths: 0.
num_vsnodes_births: 7.
num_vsnodes_deaths: 0.
num_space_committed: 833.
num_space_uncommitted: 0.
num_chunks_returned_to_freelist: 6.
num_chunks_taken_from_freelist: 2230.
num_chunk_merges: 6.
num_chunk_splits: 1488.
num_chunks_enlarged: 1047.
num_purges: 0.
num_inconsistent_stats: 0.

CodeHeap 'non-profiled nmethods': size=120000Kb used=3237Kb max_used=3237Kb free=116762Kb
 bounds [0x00000271e82c0000, 0x00000271e85f0000, 0x00000271ef7f0000]
CodeHeap 'profiled nmethods': size=120000Kb used=10158Kb max_used=10158Kb free=109841Kb
 bounds [0x00000271e07f0000, 0x00000271e11e0000, 0x00000271e7d20000]
CodeHeap 'non-nmethods': size=5760Kb used=2318Kb max_used=2409Kb free=3441Kb
 bounds [0x00000271e7d20000, 0x00000271e7fa0000, 0x00000271e82c0000]
 total_blobs=6109 nmethods=5273 adapters=748
 compilation: enabled
              stopped_count=0, restarted_count=0
 full_count=0

Compilation events (20 events):
Event: 12.548 Thread 0x00000271f782b5f0 5268       1       org.gradle.internal.component.model.DefaultVariantMetadata::getAttributes (5 bytes)
Event: 12.548 Thread 0x00000271f782b5f0 nmethod 5268 0x00000271e85e8090 code [0x00000271e85e8220, 0x00000271e85e82f8]
Event: 12.548 Thread 0x00000271f782b5f0 5269       1       org.gradle.internal.component.model.DefaultVariantMetadata::getCapabilities (5 bytes)
Event: 12.548 Thread 0x00000271f782b5f0 nmethod 5269 0x00000271e85e8390 code [0x00000271e85e8520, 0x00000271e85e85f8]
Event: 12.548 Thread 0x00000271f782b5f0 5270       1       org.gradle.internal.component.model.DefaultVariantMetadata::getIdentifier (5 bytes)
Event: 12.548 Thread 0x00000271f782b5f0 nmethod 5270 0x00000271e85e8690 code [0x00000271e85e8820, 0x00000271e85e88f8]
Event: 12.548 Thread 0x00000271f782b5f0 5271       1       org.gradle.internal.component.model.DefaultVariantMetadata::asDescribable (5 bytes)
Event: 12.548 Thread 0x00000271f782b5f0 nmethod 5271 0x00000271e85e8990 code [0x00000271e85e8b20, 0x00000271e85e8bf8]
Event: 12.548 Thread 0x00000271f782b5f0 5272       1       org.gradle.internal.component.model.DefaultVariantMetadata::getArtifacts (5 bytes)
Event: 12.548 Thread 0x00000271f782b5f0 nmethod 5272 0x00000271e85e8c90 code [0x00000271e85e8e20, 0x00000271e85e8ef8]
Event: 12.548 Thread 0x00000271f782b5f0 5273       1       org.gradle.api.internal.artifacts.ivyservice.resolveengine.excludes.simple.DefaultExcludeNothing::excludesArtifact (2 bytes)
Event: 12.548 Thread 0x00000271f782b5f0 nmethod 5273 0x00000271e85e8f90 code [0x00000271e85e9120, 0x00000271e85e91f8]
Event: 12.548 Thread 0x00000271f782b5f0 5274       1       org.gradle.api.internal.artifacts.ivyservice.resolveengine.excludes.simple.DefaultExcludeNothing::mayExcludeArtifacts (2 bytes)
Event: 12.548 Thread 0x00000271f782b5f0 nmethod 5274 0x00000271e85e9290 code [0x00000271e85e9420, 0x00000271e85e94f8]
Event: 12.549 Thread 0x00000271f782b5f0 5275       3       java.lang.invoke.DirectMethodHandle$Special::<init> (16 bytes)
Event: 12.549 Thread 0x00000271f782b5f0 nmethod 5275 0x00000271e11d9a90 code [0x00000271e11d9c40, 0x00000271e11d9de8]
Event: 12.751 Thread 0x00000271f782b5f0 5276   !   3       java.util.stream.ReferencePipeline$7$1::accept (127 bytes)
Event: 12.752 Thread 0x00000271f782b5f0 nmethod 5276 0x00000271e11d9e90 code [0x00000271e11da120, 0x00000271e11db018]
Event: 12.752 Thread 0x00000271f782b5f0 5277       3       java.util.stream.AbstractPipeline::sequential (10 bytes)
Event: 12.752 Thread 0x00000271f782b5f0 nmethod 5277 0x00000271e11db690 code [0x00000271e11db820, 0x00000271e11db938]

GC Heap History (20 events):
Event: 3.214 GC heap before
{Heap before GC invocations=4 (full 0):
 garbage-first heap   total 68608K, used 51212K [0x0000000080000000, 0x0000000100000000)
  region size 1024K, 40 young (40960K), 8 survivors (8192K)
 Metaspace       used 26176K, committed 26496K, reserved 1073152K
  class space    used 3447K, committed 3584K, reserved 1048576K
}
Event: 3.217 GC heap after
{Heap after GC invocations=5 (full 0):
 garbage-first heap   total 68608K, used 20867K [0x0000000080000000, 0x0000000100000000)
  region size 1024K, 3 young (3072K), 3 survivors (3072K)
 Metaspace       used 26176K, committed 26496K, reserved 1073152K
  class space    used 3447K, committed 3584K, reserved 1048576K
}
Event: 3.978 GC heap before
{Heap before GC invocations=5 (full 0):
 garbage-first heap   total 68608K, used 47491K [0x0000000080000000, 0x0000000100000000)
  region size 1024K, 29 young (29696K), 3 survivors (3072K)
 Metaspace       used 30317K, committed 30592K, reserved 1081344K
  class space    used 4118K, committed 4224K, reserved 1048576K
}
Event: 3.982 GC heap after
{Heap after GC invocations=6 (full 0):
 garbage-first heap   total 68608K, used 22024K [0x0000000080000000, 0x0000000100000000)
  region size 1024K, 4 young (4096K), 4 survivors (4096K)
 Metaspace       used 30317K, committed 30592K, reserved 1081344K
  class space    used 4118K, committed 4224K, reserved 1048576K
}
Event: 4.866 GC heap before
{Heap before GC invocations=6 (full 0):
 garbage-first heap   total 68608K, used 48648K [0x0000000080000000, 0x0000000100000000)
  region size 1024K, 30 young (30720K), 4 survivors (4096K)
 Metaspace       used 34721K, committed 35072K, reserved 1081344K
  class space    used 4811K, committed 4992K, reserved 1048576K
}
Event: 4.869 GC heap after
{Heap after GC invocations=7 (full 0):
 garbage-first heap   total 68608K, used 23685K [0x0000000080000000, 0x0000000100000000)
  region size 1024K, 4 young (4096K), 4 survivors (4096K)
 Metaspace       used 34721K, committed 35072K, reserved 1081344K
  class space    used 4811K, committed 4992K, reserved 1048576K
}
Event: 5.099 GC heap before
{Heap before GC invocations=7 (full 0):
 garbage-first heap   total 68608K, used 26757K [0x0000000080000000, 0x0000000100000000)
  region size 1024K, 9 young (9216K), 4 survivors (4096K)
 Metaspace       used 35642K, committed 35968K, reserved 1081344K
  class space    used 4879K, committed 5056K, reserved 1048576K
}
Event: 5.101 GC heap after
{Heap after GC invocations=8 (full 0):
 garbage-first heap   total 68608K, used 24481K [0x0000000080000000, 0x0000000100000000)
  region size 1024K, 3 young (3072K), 3 survivors (3072K)
 Metaspace       used 35642K, committed 35968K, reserved 1081344K
  class space    used 4879K, committed 5056K, reserved 1048576K
}
Event: 6.005 GC heap before
{Heap before GC invocations=9 (full 0):
 garbage-first heap   total 68608K, used 49057K [0x0000000080000000, 0x0000000100000000)
  region size 1024K, 28 young (28672K), 3 survivors (3072K)
 Metaspace       used 40396K, committed 40704K, reserved 1089536K
  class space    used 5358K, committed 5504K, reserved 1048576K
}
Event: 6.010 GC heap after
{Heap after GC invocations=10 (full 0):
 garbage-first heap   total 68608K, used 28204K [0x0000000080000000, 0x0000000100000000)
  region size 1024K, 4 young (4096K), 4 survivors (4096K)
 Metaspace       used 40396K, committed 40704K, reserved 1089536K
  class space    used 5358K, committed 5504K, reserved 1048576K
}
Event: 6.551 GC heap before
{Heap before GC invocations=10 (full 0):
 garbage-first heap   total 68608K, used 52780K [0x0000000080000000, 0x0000000100000000)
  region size 1024K, 26 young (26624K), 4 survivors (4096K)
 Metaspace       used 43012K, committed 43456K, reserved 1089536K
  class space    used 5647K, committed 5888K, reserved 1048576K
}
Event: 6.555 GC heap after
{Heap after GC invocations=11 (full 0):
 garbage-first heap   total 68608K, used 29906K [0x0000000080000000, 0x0000000100000000)
  region size 1024K, 3 young (3072K), 3 survivors (3072K)
 Metaspace       used 43012K, committed 43456K, reserved 1089536K
  class space    used 5647K, committed 5888K, reserved 1048576K
}
Event: 7.221 GC heap before
{Heap before GC invocations=11 (full 0):
 garbage-first heap   total 68608K, used 51410K [0x0000000080000000, 0x0000000100000000)
  region size 1024K, 24 young (24576K), 3 survivors (3072K)
 Metaspace       used 45046K, committed 45504K, reserved 1089536K
  class space    used 5866K, committed 6080K, reserved 1048576K
}
Event: 7.223 GC heap after
{Heap after GC invocations=12 (full 0):
 garbage-first heap   total 68608K, used 31408K [0x0000000080000000, 0x0000000100000000)
  region size 1024K, 2 young (2048K), 2 survivors (2048K)
 Metaspace       used 45046K, committed 45504K, reserved 1089536K
  class space    used 5866K, committed 6080K, reserved 1048576K
}
Event: 8.501 GC heap before
{Heap before GC invocations=12 (full 0):
 garbage-first heap   total 68608K, used 52912K [0x0000000080000000, 0x0000000100000000)
  region size 1024K, 23 young (23552K), 2 survivors (2048K)
 Metaspace       used 47694K, committed 48128K, reserved 1097728K
  class space    used 6315K, committed 6528K, reserved 1048576K
}
Event: 8.503 GC heap after
{Heap after GC invocations=13 (full 0):
 garbage-first heap   total 68608K, used 32775K [0x0000000080000000, 0x0000000100000000)
  region size 1024K, 3 young (3072K), 3 survivors (3072K)
 Metaspace       used 47694K, committed 48128K, reserved 1097728K
  class space    used 6315K, committed 6528K, reserved 1048576K
}
Event: 10.086 GC heap before
{Heap before GC invocations=13 (full 0):
 garbage-first heap   total 68608K, used 53255K [0x0000000080000000, 0x0000000100000000)
  region size 1024K, 23 young (23552K), 3 survivors (3072K)
 Metaspace       used 50606K, committed 51008K, reserved 1097728K
  class space    used 6786K, committed 6976K, reserved 1048576K
}
Event: 10.089 GC heap after
{Heap after GC invocations=14 (full 0):
 garbage-first heap   total 68608K, used 33699K [0x0000000080000000, 0x0000000100000000)
  region size 1024K, 3 young (3072K), 3 survivors (3072K)
 Metaspace       used 50606K, committed 51008K, reserved 1097728K
  class space    used 6786K, committed 6976K, reserved 1048576K
}
Event: 12.178 GC heap before
{Heap before GC invocations=14 (full 0):
 garbage-first heap   total 68608K, used 53155K [0x0000000080000000, 0x0000000100000000)
  region size 1024K, 22 young (22528K), 3 survivors (3072K)
 Metaspace       used 52663K, committed 53120K, reserved 1097728K
  class space    used 7049K, committed 7232K, reserved 1048576K
}
Event: 12.199 GC heap after
{Heap after GC invocations=15 (full 0):
 garbage-first heap   total 68608K, used 35439K [0x0000000080000000, 0x0000000100000000)
  region size 1024K, 3 young (3072K), 3 survivors (3072K)
 Metaspace       used 52663K, committed 53120K, reserved 1097728K
  class space    used 7049K, committed 7232K, reserved 1048576K
}

Dll operation events (2 events):
Event: 0.015 Loaded shared library C:\Program Files\Android\Android Studio\jbr\bin\java.dll
Event: 0.523 Loaded shared library C:\Program Files\Android\Android Studio\jbr\bin\verify.dll

Deoptimization events (20 events):
Event: 9.441 Thread 0x00000271f82af8f0 DEOPT PACKING pc=0x00000271e8318858 sp=0x0000007459ff7fa0
Event: 9.441 Thread 0x00000271f82af8f0 DEOPT UNPACKING pc=0x00000271e7d769a3 sp=0x0000007459ff7ed8 mode 2
Event: 9.441 Thread 0x00000271f82af8f0 Uncommon trap: trap_request=0xffffff45 fr.pc=0x00000271e82e204c relative=0x000000000000004c
Event: 9.441 Thread 0x00000271f82af8f0 Uncommon trap: reason=unstable_if action=reinterpret pc=0x00000271e82e204c method=java.net.URI.match(CJJ)Z @ 19 c2
Event: 9.441 Thread 0x00000271f82af8f0 DEOPT PACKING pc=0x00000271e82e204c sp=0x0000007459ff7fb0
Event: 9.441 Thread 0x00000271f82af8f0 DEOPT UNPACKING pc=0x00000271e7d769a3 sp=0x0000007459ff7f60 mode 2
Event: 11.143 Thread 0x00000271f82af8f0 Uncommon trap: trap_request=0xffffff45 fr.pc=0x00000271e831e5f8 relative=0x00000000000002b8
Event: 11.143 Thread 0x00000271f82af8f0 Uncommon trap: reason=unstable_if action=reinterpret pc=0x00000271e831e5f8 method=java.net.URI$Parser.scan(IILjava/lang/String;)I @ 26 c2
Event: 11.143 Thread 0x00000271f82af8f0 DEOPT PACKING pc=0x00000271e831e5f8 sp=0x0000007459ff7d40
Event: 11.143 Thread 0x00000271f82af8f0 DEOPT UNPACKING pc=0x00000271e7d769a3 sp=0x0000007459ff7ce0 mode 2
Event: 12.310 Thread 0x00000271f82af8f0 DEOPT PACKING pc=0x00000271e0b83e9b sp=0x0000007459ff6ac0
Event: 12.310 Thread 0x00000271f82af8f0 DEOPT UNPACKING pc=0x00000271e7d77143 sp=0x0000007459ff5f30 mode 0
Event: 12.548 Thread 0x00000271f82af8f0 Uncommon trap: trap_request=0xffffffc6 fr.pc=0x00000271e85e0bfc relative=0x00000000000001bc
Event: 12.548 Thread 0x00000271f82af8f0 Uncommon trap: reason=bimorphic_or_optimized_type_check action=maybe_recompile pc=0x00000271e85e0bfc method=com.google.common.collect.ImmutableList.copyOf(Ljava/util/Collection;)Lcom/google/common/collect/ImmutableList; @ 11 c2
Event: 12.548 Thread 0x00000271f82af8f0 DEOPT PACKING pc=0x00000271e85e0bfc sp=0x0000007459ff90e0
Event: 12.548 Thread 0x00000271f82af8f0 DEOPT UNPACKING pc=0x00000271e7d769a3 sp=0x0000007459ff9088 mode 2
Event: 12.552 Thread 0x00000271f82ad740 Uncommon trap: trap_request=0xffffff45 fr.pc=0x00000271e85db084 relative=0x0000000000000244
Event: 12.552 Thread 0x00000271f82ad740 Uncommon trap: reason=unstable_if action=reinterpret pc=0x00000271e85db084 method=com.esotericsoftware.kryo.io.Output.writeString(Ljava/lang/CharSequence;)V @ 20 c2
Event: 12.552 Thread 0x00000271f82ad740 DEOPT PACKING pc=0x00000271e85db084 sp=0x000000745a0febe0
Event: 12.552 Thread 0x00000271f82ad740 DEOPT UNPACKING pc=0x00000271e7d769a3 sp=0x000000745a0feb68 mode 2

Classes unloaded (0 events):
No events

Classes redefined (0 events):
No events

Internal exceptions (20 events):
Event: 6.533 Thread 0x00000271f82af8f0 Exception <a 'java/lang/NoSuchMethodError'{0x0000000082d7e730}: 'java.lang.Object java.lang.invoke.DirectMethodHandle$Holder.invokeStatic(java.lang.Object, java.lang.Object, java.lang.Object, java.lang.Object, java.lang.Object, java.lang.Object, java.lang.Object, java.lang.Object, java.lang.Object, java.lang.Object, java.lang.Object, java.lang.Object, java.lang.Object, java.lang.Object, java.lang.Object, java.lang.Object, java.lang.Object, java.lang.Object, java.lang.Object, java.lang.Object, java.lang.Obj
Event: 6.535 Thread 0x00000271f82af8f0 Exception <a 'java/lang/NoSuchMethodError'{0x0000000082dacb18}: 'java.lang.Object java.lang.invoke.DirectMethodHandle$Holder.invokeStatic(java.lang.Object, java.lang.Object, java.lang.Object, java.lang.Object, java.lang.Object, java.lang.Object, java.lang.Object, java.lang.Object, java.lang.Object, java.lang.Object, java.lang.Object, java.lang.Object, java.lang.Object, java.lang.Object, java.lang.Object, java.lang.Object, java.lang.Object, java.lang.Object, java.lang.Object, java.lang.Object, java.lang.Obj
Event: 6.750 Thread 0x00000271f82af8f0 Exception <a 'java/lang/IncompatibleClassChangeError'{0x00000000837dffb0}: Found class java.lang.Object, but interface was expected> (0x00000000837dffb0) 
thrown [s\src\hotspot\share\interpreter\linkResolver.cpp, line 838]
Event: 7.119 Thread 0x00000271f82af8f0 Exception <a 'java/lang/IncompatibleClassChangeError'{0x000000008328c948}: Found class java.lang.Object, but interface was expected> (0x000000008328c948) 
thrown [s\src\hotspot\share\interpreter\linkResolver.cpp, line 838]
Event: 7.145 Thread 0x00000271f82af8f0 Exception <a 'java/lang/NoSuchMethodError'{0x0000000083015428}: 'int java.lang.invoke.DirectMethodHandle$Holder.invokeStaticInit(java.lang.Object, java.lang.Object, java.lang.Object, java.lang.Object, java.lang.Object)'> (0x0000000083015428) 
thrown [s\src\hotspot\share\interpreter\linkResolver.cpp, line 771]
Event: 7.279 Thread 0x00000271f82af8f0 Implicit null exception at 0x00000271e845daec to 0x00000271e845dba0
Event: 7.723 Thread 0x00000271f82af8f0 Exception <a 'java/lang/NoSuchMethodError'{0x000000008c97b320}: 'void java.lang.invoke.DirectMethodHandle$Holder.invokeInterface(java.lang.Object, java.lang.Object)'> (0x000000008c97b320) 
thrown [s\src\hotspot\share\interpreter\linkResolver.cpp, line 771]
Event: 7.724 Thread 0x00000271f82af8f0 Exception <a 'java/lang/IncompatibleClassChangeError'{0x000000008c986650}: Found class java.lang.Object, but interface was expected> (0x000000008c986650) 
thrown [s\src\hotspot\share\interpreter\linkResolver.cpp, line 838]
Event: 7.813 Thread 0x00000271f82af8f0 Exception <a 'java/lang/NoSuchMethodError'{0x00000000838114b8}: 'java.lang.Object java.lang.invoke.DirectMethodHandle$Holder.newInvokeSpecial(java.lang.Object, int, java.lang.Object)'> (0x00000000838114b8) 
thrown [s\src\hotspot\share\interpreter\linkResolver.cpp, line 771]
Event: 8.534 Thread 0x00000271f82ae5b0 Exception <a 'java/lang/NoSuchMethodError'{0x000000008d06ddd8}: static Lorg/gradle/internal/build/event/types/DefaultOperationStartedProgressEvent;.<clinit>()V> (0x000000008d06ddd8) 
thrown [s\src\hotspot\share\prims\jni.cpp, line 1108]
Event: 8.534 Thread 0x00000271f82ae5b0 Exception <a 'java/lang/NoSuchMethodError'{0x000000008d06f4a0}: static Lorg/gradle/internal/build/event/types/AbstractProgressEvent;.<clinit>()V> (0x000000008d06f4a0) 
thrown [s\src\hotspot\share\prims\jni.cpp, line 1108]
Event: 8.540 Thread 0x00000271f82ae5b0 Exception <a 'java/lang/NoSuchMethodError'{0x000000008d0e2440}: static Lorg/gradle/internal/build/event/types/DefaultProjectConfigurationDescriptor;.<clinit>()V> (0x000000008d0e2440) 
thrown [s\src\hotspot\share\prims\jni.cpp, line 1108]
Event: 8.540 Thread 0x00000271f82ae5b0 Exception <a 'java/lang/NoSuchMethodError'{0x000000008d0e4e68}: static Lorg/gradle/internal/build/event/types/DefaultOperationDescriptor;.<clinit>()V> (0x000000008d0e4e68) 
thrown [s\src\hotspot\share\prims\jni.cpp, line 1108]
Event: 8.544 Thread 0x00000271f82ae5b0 Exception <a 'java/lang/NoSuchMethodError'{0x000000008d0fc7d8}: static Lorg/gradle/internal/operations/OperationIdentifier;.<clinit>()V> (0x000000008d0fc7d8) 
thrown [s\src\hotspot\share\prims\jni.cpp, line 1108]
Event: 11.114 Thread 0x00000271f82af8f0 Exception <a 'java/lang/NoSuchMethodError'{0x000000008c9a3a10}: 'int java.lang.invoke.DirectMethodHandle$Holder.invokeStatic(java.lang.Object)'> (0x000000008c9a3a10) 
thrown [s\src\hotspot\share\interpreter\linkResolver.cpp, line 771]
Event: 11.114 Thread 0x00000271f82af8f0 Exception <a 'java/lang/NoSuchMethodError'{0x000000008c9a80a8}: 'int java.lang.invoke.DirectMethodHandle$Holder.invokeStaticInit(java.lang.Object)'> (0x000000008c9a80a8) 
thrown [s\src\hotspot\share\interpreter\linkResolver.cpp, line 771]
Event: 11.122 Thread 0x00000271f82af8f0 Exception <a 'java/lang/NoSuchMethodError'{0x000000008391ca90}: 'java.lang.Object java.lang.invoke.DirectMethodHandle$Holder.newInvokeSpecial(java.lang.Object, java.lang.Object, java.lang.Object, java.lang.Object, java.lang.Object, int)'> (0x000000008391ca90) 
thrown [s\src\hotspot\share\interpreter\linkResolver.cpp, line 771]
Event: 11.122 Thread 0x00000271f82af8f0 Exception <a 'java/lang/NoSuchMethodError'{0x00000000839220e8}: 'java.lang.Object java.lang.invoke.DirectMethodHandle$Holder.invokeSpecial(java.lang.Object, java.lang.Object, java.lang.Object, java.lang.Object, java.lang.Object, java.lang.Object, int)'> (0x00000000839220e8) 
thrown [s\src\hotspot\share\interpreter\linkResolver.cpp, line 771]
Event: 11.134 Thread 0x00000271f82af8f0 Exception <a 'java/lang/NoSuchMethodError'{0x00000000839f3000}: 'void java.lang.invoke.DirectMethodHandle$Holder.invokeStatic(java.lang.Object, java.lang.Object, java.lang.Object, int, java.lang.Object)'> (0x00000000839f3000) 
thrown [s\src\hotspot\share\interpreter\linkResolver.cpp, line 771]
Event: 11.312 Thread 0x00000271f82af8f0 Exception <a 'java/lang/NoSuchMethodError'{0x00000000835926f8}: 'java.lang.Object java.lang.invoke.DirectMethodHandle$Holder.newInvokeSpecial(java.lang.Object, java.lang.Object, int)'> (0x00000000835926f8) 
thrown [s\src\hotspot\share\interpreter\linkResolver.cpp, line 771]

VM Operations (20 events):
Event: 8.503 Executing VM operation: G1CollectForAllocation done
Event: 9.506 Executing VM operation: Cleanup
Event: 9.523 Executing VM operation: Cleanup done
Event: 10.086 Executing VM operation: G1CollectForAllocation
Event: 10.089 Executing VM operation: G1CollectForAllocation done
Event: 11.084 Executing VM operation: HandshakeAllThreads
Event: 11.084 Executing VM operation: HandshakeAllThreads done
Event: 11.982 Executing VM operation: ICBufferFull
Event: 11.982 Executing VM operation: ICBufferFull done
Event: 12.161 Executing VM operation: HandshakeAllThreads
Event: 12.161 Executing VM operation: HandshakeAllThreads done
Event: 12.178 Executing VM operation: G1CollectForAllocation
Event: 12.200 Executing VM operation: G1CollectForAllocation done
Event: 12.215 Executing VM operation: G1Concurrent
Event: 12.218 Executing VM operation: G1Concurrent done
Event: 12.225 Executing VM operation: G1Concurrent
Event: 12.226 Executing VM operation: G1Concurrent done
Event: 12.309 Executing VM operation: HandshakeAllThreads
Event: 12.309 Executing VM operation: HandshakeAllThreads done
Event: 13.313 Executing VM operation: Cleanup

Events (20 events):
Event: 9.631 loading class javax/net/ssl/SSLException done
Event: 9.634 loading class javax/net/ssl/SSLPeerUnverifiedException
Event: 9.634 loading class javax/net/ssl/SSLPeerUnverifiedException done
Event: 9.635 loading class java/security/cert/CertificateParsingException
Event: 9.635 loading class java/security/cert/CertificateException
Event: 9.635 loading class java/security/cert/CertificateException done
Event: 9.635 loading class java/security/cert/CertificateParsingException done
Event: 9.635 loading class javax/naming/NamingException
Event: 9.636 loading class javax/naming/NamingException done
Event: 9.636 loading class javax/naming/InvalidNameException
Event: 9.636 loading class javax/naming/InvalidNameException done
Event: 11.306 loading class java/util/Collections$2
Event: 11.306 loading class java/util/Collections$2 done
Event: 11.504 Thread 0x00000271f9df8840 Thread exited: 0x00000271f9df8840
Event: 12.138 loading class java/util/concurrent/LinkedBlockingDeque$Itr
Event: 12.140 loading class java/util/concurrent/LinkedBlockingDeque$AbstractItr
Event: 12.140 loading class java/util/concurrent/LinkedBlockingDeque$AbstractItr done
Event: 12.140 loading class java/util/concurrent/LinkedBlockingDeque$Itr done
Event: 12.528 loading class java/util/LinkedList$LLSpliterator
Event: 12.528 loading class java/util/LinkedList$LLSpliterator done


Dynamic libraries:
0x00007ff6ee0c0000 - 0x00007ff6ee0ca000 	C:\Program Files\Android\Android Studio\jbr\bin\java.exe
0x00007ffde2210000 - 0x00007ffde2407000 	C:\WINDOWS\SYSTEM32\ntdll.dll
0x00007ffde1820000 - 0x00007ffde18dd000 	C:\WINDOWS\System32\KERNEL32.DLL
0x00007ffddfba0000 - 0x00007ffddfe96000 	C:\WINDOWS\System32\KERNELBASE.dll
0x00007ffde0170000 - 0x00007ffde0270000 	C:\WINDOWS\System32\ucrtbase.dll
0x00007ffdc2c20000 - 0x00007ffdc2c37000 	C:\Program Files\Android\Android Studio\jbr\bin\jli.dll
0x00007ffde0c60000 - 0x00007ffde0dfe000 	C:\WINDOWS\System32\USER32.dll
0x00007ffddfac0000 - 0x00007ffddfae2000 	C:\WINDOWS\System32\win32u.dll
0x00007ffde1990000 - 0x00007ffde19bc000 	C:\WINDOWS\System32\GDI32.dll
0x00007ffddff60000 - 0x00007ffde007a000 	C:\WINDOWS\System32\gdi32full.dll
0x00007ffde0080000 - 0x00007ffde011d000 	C:\WINDOWS\System32\msvcp_win.dll
0x00007ffdd2930000 - 0x00007ffdd2bca000 	C:\WINDOWS\WinSxS\amd64_microsoft.windows.common-controls_6595b64144ccf1df_6.0.19041.3570_none_60bb2a3971f3e41a\COMCTL32.dll
0x00007ffde2110000 - 0x00007ffde21ae000 	C:\WINDOWS\System32\msvcrt.dll
0x00007ffdb6dc0000 - 0x00007ffdb6ddb000 	C:\Program Files\Android\Android Studio\jbr\bin\VCRUNTIME140.dll
0x00007ffde1780000 - 0x00007ffde17b0000 	C:\WINDOWS\System32\IMM32.DLL
0x00007ffdbdab0000 - 0x00007ffdbdabc000 	C:\Program Files\Android\Android Studio\jbr\bin\vcruntime140_1.dll
0x00007ffdb0d20000 - 0x00007ffdb0dad000 	C:\Program Files\Android\Android Studio\jbr\bin\msvcp140.dll
0x00007ffd53a70000 - 0x00007ffd546de000 	C:\Program Files\Android\Android Studio\jbr\bin\server\jvm.dll
0x00007ffde1400000 - 0x00007ffde14ae000 	C:\WINDOWS\System32\ADVAPI32.dll
0x00007ffde0e00000 - 0x00007ffde0e9c000 	C:\WINDOWS\System32\sechost.dll
0x00007ffde1510000 - 0x00007ffde1636000 	C:\WINDOWS\System32\RPCRT4.dll
0x00007ffdd69d0000 - 0x00007ffdd69f7000 	C:\WINDOWS\SYSTEM32\WINMM.dll
0x00007ffdd98f0000 - 0x00007ffdd98fa000 	C:\WINDOWS\SYSTEM32\VERSION.dll
0x00007ffdc54c0000 - 0x00007ffdc54c9000 	C:\WINDOWS\SYSTEM32\WSOCK32.dll
0x00007ffde17b0000 - 0x00007ffde181b000 	C:\WINDOWS\System32\WS2_32.dll
0x00007ffddd7b0000 - 0x00007ffddd7c2000 	C:\WINDOWS\SYSTEM32\kernel.appcore.dll
0x00007ffdd5450000 - 0x00007ffdd545a000 	C:\Program Files\Android\Android Studio\jbr\bin\jimage.dll
0x00007ffdd3e70000 - 0x00007ffdd4054000 	C:\WINDOWS\SYSTEM32\DBGHELP.DLL
0x00007ffdc7110000 - 0x00007ffdc7144000 	C:\WINDOWS\SYSTEM32\dbgcore.DLL
0x00007ffddfea0000 - 0x00007ffddff22000 	C:\WINDOWS\System32\bcryptPrimitives.dll
0x00007ffdd5420000 - 0x00007ffdd5445000 	C:\Program Files\Android\Android Studio\jbr\bin\java.dll
0x00007ffdd3260000 - 0x00007ffdd3278000 	C:\Program Files\Android\Android Studio\jbr\bin\zip.dll
0x00007ffde19c0000 - 0x00007ffde2104000 	C:\WINDOWS\System32\SHELL32.dll
0x00007ffddd9b0000 - 0x00007ffdde14b000 	C:\WINDOWS\SYSTEM32\windows.storage.dll
0x00007ffde0fd0000 - 0x00007ffde1324000 	C:\WINDOWS\System32\combase.dll
0x00007ffddf330000 - 0x00007ffddf35d000 	C:\WINDOWS\SYSTEM32\Wldp.dll
0x00007ffde18e0000 - 0x00007ffde198d000 	C:\WINDOWS\System32\SHCORE.dll
0x00007ffde0270000 - 0x00007ffde02c5000 	C:\WINDOWS\System32\shlwapi.dll
0x00007ffddf820000 - 0x00007ffddf845000 	C:\WINDOWS\SYSTEM32\profapi.dll
0x00007ffdd1d80000 - 0x00007ffdd1d99000 	C:\Program Files\Android\Android Studio\jbr\bin\net.dll
0x00007ffdd9690000 - 0x00007ffdd979a000 	C:\WINDOWS\SYSTEM32\WINHTTP.dll
0x00007ffddf090000 - 0x00007ffddf0fa000 	C:\WINDOWS\system32\mswsock.dll
0x00007ffdd1500000 - 0x00007ffdd1516000 	C:\Program Files\Android\Android Studio\jbr\bin\nio.dll
0x00007ffdd25e0000 - 0x00007ffdd25f0000 	C:\Program Files\Android\Android Studio\jbr\bin\verify.dll
0x00007ffddaeb0000 - 0x00007ffddaed7000 	C:\Users\hpsyo\.gradle\native\68d5fa5c4cc2d200863cafc0d521ce42e7d3e7ee720ec0a83991735586a16f82\windows-amd64\native-platform.dll
0x00007ffdaaae0000 - 0x00007ffdaac24000 	C:\Users\hpsyo\.gradle\native\e376f236ea51e6404a007f0833ffe2c6e607c4080706a723a18a27aeea778392\windows-amd64\native-platform-file-events.dll
0x00007ffdd16c0000 - 0x00007ffdd16c9000 	C:\Program Files\Android\Android Studio\jbr\bin\management.dll
0x00007ffdc8ce0000 - 0x00007ffdc8ceb000 	C:\Program Files\Android\Android Studio\jbr\bin\management_ext.dll
0x00007ffde0740000 - 0x00007ffde0748000 	C:\WINDOWS\System32\PSAPI.DLL
0x00007ffddf280000 - 0x00007ffddf298000 	C:\WINDOWS\SYSTEM32\CRYPTSP.dll
0x00007ffdde930000 - 0x00007ffdde964000 	C:\WINDOWS\system32\rsaenh.dll
0x00007ffddff30000 - 0x00007ffddff57000 	C:\WINDOWS\System32\bcrypt.dll
0x00007ffddf7e0000 - 0x00007ffddf80e000 	C:\WINDOWS\SYSTEM32\USERENV.dll
0x00007ffddf2a0000 - 0x00007ffddf2ac000 	C:\WINDOWS\SYSTEM32\CRYPTBASE.dll
0x00007ffdded30000 - 0x00007ffdded6b000 	C:\WINDOWS\SYSTEM32\IPHLPAPI.DLL
0x00007ffde0f10000 - 0x00007ffde0f18000 	C:\WINDOWS\System32\NSI.dll
0x00007ffdd9c80000 - 0x00007ffdd9c97000 	C:\WINDOWS\SYSTEM32\dhcpcsvc6.DLL
0x00007ffdd9c60000 - 0x00007ffdd9c7d000 	C:\WINDOWS\SYSTEM32\dhcpcsvc.DLL
0x00007ffdded70000 - 0x00007ffddee3a000 	C:\WINDOWS\SYSTEM32\DNSAPI.dll
0x00007ffddb420000 - 0x00007ffddb427000 	C:\WINDOWS\system32\wshunix.dll

dbghelp: loaded successfully - version: 4.0.5 - missing functions: none
symbol engine: initialized successfully - sym options: 0x614 - pdb path: .;C:\Program Files\Android\Android Studio\jbr\bin;C:\WINDOWS\SYSTEM32;C:\WINDOWS\WinSxS\amd64_microsoft.windows.common-controls_6595b64144ccf1df_6.0.19041.3570_none_60bb2a3971f3e41a;C:\Program Files\Android\Android Studio\jbr\bin\server;C:\Users\hpsyo\.gradle\native\68d5fa5c4cc2d200863cafc0d521ce42e7d3e7ee720ec0a83991735586a16f82\windows-amd64;C:\Users\hpsyo\.gradle\native\e376f236ea51e6404a007f0833ffe2c6e607c4080706a723a18a27aeea778392\windows-amd64

VM Arguments:
jvm_args: --add-opens=java.base/java.util=ALL-UNNAMED --add-opens=java.base/java.lang=ALL-UNNAMED --add-opens=java.base/java.lang.invoke=ALL-UNNAMED --add-opens=java.prefs/java.util.prefs=ALL-UNNAMED --add-opens=java.base/java.nio.charset=ALL-UNNAMED --add-opens=java.base/java.net=ALL-UNNAMED --add-opens=java.base/java.util.concurrent.atomic=ALL-UNNAMED -Xmx2048m -Dfile.encoding=UTF-8 -Duser.country=KR -Duser.language=ko -Duser.variant 
java_command: org.gradle.launcher.daemon.bootstrap.GradleDaemon 8.0
java_class_path (initial): C:\Users\hpsyo\.gradle\wrapper\dists\gradle-8.0-bin\ca5e32bp14vu59qr306oxotwh\gradle-8.0\lib\gradle-launcher-8.0.jar
Launcher Type: SUN_STANDARD

[Global flags]
     intx CICompilerCount                          = 3                                         {product} {ergonomic}
     uint ConcGCThreads                            = 2                                         {product} {ergonomic}
     uint G1ConcRefinementThreads                  = 6                                         {product} {ergonomic}
   size_t G1HeapRegionSize                         = 1048576                                   {product} {ergonomic}
    uintx GCDrainStackTargetSize                   = 64                                        {product} {ergonomic}
   size_t InitialHeapSize                          = 268435456                                 {product} {ergonomic}
   size_t MarkStackSize                            = 4194304                                   {product} {ergonomic}
   size_t MaxHeapSize                              = 2147483648                                {product} {command line}
   size_t MaxNewSize                               = 1287651328                                {product} {ergonomic}
   size_t MinHeapDeltaBytes                        = 1048576                                   {product} {ergonomic}
   size_t MinHeapSize                              = 8388608                                   {product} {ergonomic}
    uintx NonNMethodCodeHeapSize                   = 5832780                                {pd product} {ergonomic}
    uintx NonProfiledCodeHeapSize                  = 122912730                              {pd product} {ergonomic}
    uintx ProfiledCodeHeapSize                     = 122912730                              {pd product} {ergonomic}
    uintx ReservedCodeCacheSize                    = 251658240                              {pd product} {ergonomic}
     bool SegmentedCodeCache                       = true                                      {product} {ergonomic}
   size_t SoftMaxHeapSize                          = 2147483648                             {manageable} {ergonomic}
     bool UseCompressedClassPointers               = true                           {product lp64_product} {ergonomic}
     bool UseCompressedOops                        = true                           {product lp64_product} {ergonomic}
     bool UseG1GC                                  = true                                      {product} {ergonomic}
     bool UseLargePagesIndividualAllocation        = false                                  {pd product} {ergonomic}

Logging:
Log output configuration:
 #0: stdout all=warning uptime,level,tags
 #1: stderr all=off uptime,level,tags

Environment Variables:
PATH=C:\Program Files (x86)\Common Files\Oracle\Java\javapath;C:\WINDOWS\system32;C:\WINDOWS;C:\WINDOWS\System32\Wbem;C:\WINDOWS\System32\WindowsPowerShell\v1.0\;C:\WINDOWS\System32\OpenSSH\;C:\Program Files\Git\cmd;C:\Users\hpsyo\AppData\Local\Programs\Python\Python310\Scripts\;C:\Users\hpsyo\AppData\Local\Programs\Python\Python310\;C:\Users\hpsyo\AppData\Local\Microsoft\WindowsApps;D:\Bandizip\;C:\Users\hpsyo\AppData\Local\afreeca;C:\Users\hpsyo\AppData\Local\Programs\Microsoft VS Code\bin;C:\Users\hpsyo\AppData\Local\GitHubDesktop\bin
USERNAME=user
OS=Windows_NT
PROCESSOR_IDENTIFIER=Intel64 Family 6 Model 158 Stepping 10, GenuineIntel
TMP=C:\Users\hpsyo\AppData\Local\Temp
TEMP=C:\Users\hpsyo\AppData\Local\Temp


JNI global refs:
JNI global refs: 25, weak refs: 1

JNI global refs memory usage: 843, weak refs: 841


---------------  S Y S T E M  ---------------

OS:
 Windows 10 , 64 bit Build 19041 (10.0.19041.3570)
OS uptime: 0 days 1:06 hours

CPU: total 6 (initial active 6) (6 cores per cpu, 1 threads per core) family 6 model 158 stepping 10 microcode 0xb4, cx8, cmov, fxsr, mmx, 3dnowpref, sse, sse2, sse3, ssse3, sse4.1, sse4.2, popcnt, lzcnt, tsc, tscinvbit, avx, avx2, aes, erms, clmul, bmi1, bmi2, adx, fma, vzeroupper, clflush, clflushopt

Memory: 4k page, system-wide physical 16322M (545M free)
TotalPageFile size 22722M (AvailPageFile size 28M)
current process WorkingSet (physical memory assigned to process): 256M, peak: 262M
current process commit charge ("private bytes"): 286M, peak: 396M

vm_info: OpenJDK 64-Bit Server VM (17.0.6+0-b2043.56-10027231) for windows-amd64 JRE (17.0.6+0-b2043.56-10027231), built on Apr 28 2023 00:43:19 by "androidbuild" with MS VC++ 16.10 / 16.11 (VS2019)

END.
